The user defined environment variable FERMATPATH for Fermat is set:
/home/riccardo/Programs/Fermat/ferl6/fer64
One variable is set to 1: {}
The input directory is set to:
./results

*****Integral ordering*************************************
Kira will use the integral ordering: 1.
symbol_to_replace_by_one: x in kinematics.yaml is not set. 
Mass reconstruction is disabled.
################################################
kira2math: Reconstruct results
################################################

Algebraic reconstruction is switched off.
This requested integral is a master integral: A1[0,1,1,0] # 6
This requested integral is a master integral: A1[1,0,0,1] # 9
This requested integral is a master integral: A1[1,1,1,1] # 15
This integral is unreduced: A2[0,1,1,0] # 6
This integral is unreduced: A2[0,1,1,0] # 6
This integral is unreduced: A2[1,0,1,1] # 13
This integral is unreduced: A2[1,1,1,1] # 15
This integral is unreduced: A4[0,1,1,0] # 6
This integral is unreduced: A4[0,1,1,0] # 6
This integral is unreduced: A4[1,1,1,0] # 7
This integral is unreduced: A4[1,1,1,1] # 15
This integral is unreduced: B1[1,0,0,1] # 9
This integral is unreduced: B1[1,1,1,1] # 15
This integral is unreduced: B2[1,0,1,1] # 13
This integral is unreduced: B2[1,1,1,1] # 15
This integral is unreduced: B4[1,1,1,1] # 15
This integral is unreduced: B4[1,1,1,1] # 15
This integral is unreduced: A4[0,1,1,0] # 6
This integral is unreduced: A4[0,1,1,0] # 6
This integral is unreduced: A7[1,0,0,0] # 1
This integral is unreduced: A7[1,1,1,0] # 7
This integral is unreduced: A7[1,0,0,0] # 1
This integral is unreduced: A7[1,0,0,0] # 1
This integral is unreduced: A7[1,0,0,0] # 1
This integral is unreduced: A7[1,1,1,0] # 7
This integral is unreduced: A4[1,1,1,0] # 7
This integral is unreduced: A7[1,0,0,0] # 1
This integral is unreduced: A4[0,1,1,0] # 6
This integral is unreduced: A4[0,1,1,0] # 6
This integral is unreduced: A4[0,1,1,0] # 6
This integral is unreduced: A4[0,1,1,0] # 6
This integral is unreduced: A4[0,1,1,0] # 6
unreduced integrals: 29.

closeCalc: 5318
Total time:
( 0.274852 s )
