The user defined environment variable FERMATPATH for Fermat is set:
/home/riccardo/Programs/Fermat/ferl6/fer64
One variable is set to 1: {}
The input directory is set to:
./results

*****Integral ordering*************************************
Kira will use the integral ordering: 1.
symbol_to_replace_by_one: x in kinematics.yaml is not set. 
Mass reconstruction is disabled.
################################################
kira2math: Reconstruct results
################################################

Algebraic reconstruction is switched off.
This integral is unreduced: B1[0,1,0,1] # 10
This integral is unreduced: B1[0,1,1,1] # 14
This integral is unreduced: B1[1,0,0,1] # 9
This integral is unreduced: B1[1,1,1,1] # 15
This integral is unreduced: B2[0,0,1,1] # 12
This integral is unreduced: B2[0,1,1,0] # 6
This integral is unreduced: B2[0,1,1,1] # 14
This integral is unreduced: B2[0,0,1,1] # 12
This integral is unreduced: B2[0,1,1,0] # 6
This integral is unreduced: B2[0,1,1,1] # 14
This integral is unreduced: B2[1,0,0,1] # 9
This integral is unreduced: B2[1,0,1,1] # 13
This integral is unreduced: B2[1,1,1,1] # 15
This integral is unreduced: B4[0,1,1,1] # 14
This integral is unreduced: B4[0,1,1,1] # 14
This integral is unreduced: B4[1,1,1,1] # 15
This integral is unreduced: B5[0,0,0,1] # 8
This integral is unreduced: B5[0,0,1,1] # 12
This integral is unreduced: B5[0,1,0,1] # 10
This integral is unreduced: B5[0,1,1,1] # 14
This integral is unreduced: B5[0,0,0,1] # 8
This integral is unreduced: B5[0,0,1,1] # 12
This integral is unreduced: B5[0,1,0,1] # 10
This integral is unreduced: B5[0,1,1,1] # 14
This integral is unreduced: A1[1,0,0,1] # 9
This integral is unreduced: A1[1,1,1,1] # 15
This integral is unreduced: A2[1,0,0,1] # 9
This integral is unreduced: A2[1,0,1,1] # 13
This integral is unreduced: A2[1,1,1,1] # 15
This integral is unreduced: A4[1,1,1,1] # 15
This integral is unreduced: A7[0,0,1,0] # 4
This integral is unreduced: A7[0,0,1,1] # 12
This integral is unreduced: A7[0,1,1,0] # 6
This integral is unreduced: A7[0,1,1,1] # 14
This integral is unreduced: A7[0,0,1,0] # 4
This integral is unreduced: A7[0,0,1,1] # 12
This integral is unreduced: A7[0,1,1,0] # 6
This integral is unreduced: A7[0,1,1,1] # 14
This integral is unreduced: A6[0,1,1,0] # 6
This integral is unreduced: A6[0,1,1,1] # 14
This integral is unreduced: A6[0,1,1,0] # 6
This integral is unreduced: A6[0,1,1,1] # 14
This integral is unreduced: A6[1,0,0,1] # 9
This integral is unreduced: A6[1,1,0,1] # 11
This integral is unreduced: A6[1,1,1,0] # 7
This integral is unreduced: A6[1,1,1,1] # 15
This integral is unreduced: B4[0,1,1,1] # 14
This integral is unreduced: B4[0,1,1,1] # 14
This integral is unreduced: B1[0,0,0,1] # 8
This integral is unreduced: B1[0,1,0,1] # 10
This integral is unreduced: B1[0,1,1,1] # 14
This integral is unreduced: B5[0,0,0,1] # 8
This integral is unreduced: B5[0,0,1,1] # 12
This integral is unreduced: B5[0,1,0,1] # 10
This integral is unreduced: B5[0,1,1,1] # 14
This integral is unreduced: A6[0,1,1,0] # 6
This integral is unreduced: A6[0,1,1,1] # 14
This integral is unreduced: B4[0,1,1,1] # 14
This integral is unreduced: B1[0,0,0,1] # 8
This integral is unreduced: B1[0,1,0,1] # 10
This integral is unreduced: B1[0,1,1,1] # 14
This integral is unreduced: B5[0,0,0,1] # 8
This integral is unreduced: B5[0,0,1,1] # 12
This integral is unreduced: B5[0,1,0,1] # 10
This integral is unreduced: B5[0,1,1,1] # 14
This integral is unreduced: A7[0,0,1,0] # 4
This integral is unreduced: A7[0,1,1,0] # 6
This integral is unreduced: A7[0,0,1,0] # 4
This integral is unreduced: A7[0,1,1,0] # 6
This integral is unreduced: A6[0,1,1,0] # 6
This integral is unreduced: A6[0,1,1,0] # 6
This integral is unreduced: A6[1,1,1,0] # 7
This requested integral is a master integral: B0[0,1,1,0] # 6
This integral is unreduced: C1[1,1,1,0] # 7
This integral is unreduced: C1[1,1,1,0] # 7
This integral is unreduced: A6[0,1,1,0] # 6
This integral is unreduced: A6[0,1,1,0] # 6
This integral is unreduced: A6[0,1,1,0] # 6
This integral is unreduced: A6[0,1,1,0] # 6
This integral is unreduced: A6[0,1,1,0] # 6
This integral is unreduced: A6[0,1,1,0] # 6
This integral is unreduced: A7[0,0,1,0] # 4
This integral is unreduced: A7[0,1,1,0] # 6
This integral is unreduced: A7[0,0,1,0] # 4
This integral is unreduced: A7[0,1,1,0] # 6
unreduced integrals: 84.

closeCalc: 5338
Total time:
( 0.218402 s )
