The user defined environment variable FERMATPATH for Fermat is set:
/home/riccardo/Programs/Fermat/ferl6/fer64
One variable is set to 1: {}
The directories for the temporary files, result files and the sector mapping files are: 
./tmp
./results
./sectormappings
Kira prepares topology: A1 and top level sector: 
15 
Following reductions will be performed for the topology: A1
Sector: 15 rmax: 4 smax: 2 

***********************************************************
Find IBP LI and symmetry relations for the topology: A1
***********************************************************

*****Generate IBP identities*******************************
There are 4 IBP identities
( 0.005665 s )

*****Generate LI identities********************************
There are 3 LI identities
( 0.025508 s )

*****Search trivial sectors********************************
non trivial sector 6 2
non trivial sector 7 3
non trivial sector 9 2
non trivial sector 11 3
non trivial sector 13 3
non trivial sector 14 3
non trivial sector 15 4

Non trivial sectors in total: 7
Trivial sectors in total: 9
( 0.0 s )

Search symmetry relations: 

( 0.0 s )
***********************************************************
Prepare Symmetries for the topology: A1
***********************************************************
Build symmetries for A1 x A1 
Kira maps this sector 6 to this sector 6
with external Symmetry 0
Kira maps this sector 9 to this sector 9
with external Symmetry 0
no propagator flow, only for dots: Kira maps this sector 7 to this sector 7
with external Symmetry 0
no propagator flow, only for dots: Kira maps this sector 14 to this sector 7
with external Symmetry 0
no propagator flow, only for dots: Kira maps this sector 14 to this sector 7
with external Symmetry 0
no propagator flow, only for dots: Kira maps this sector 11 to this sector 11
with external Symmetry 0
no propagator flow, only for dots: Kira maps this sector 13 to this sector 11
with external Symmetry 0
no propagator flow, only for dots: Kira maps this sector 13 to this sector 11
with external Symmetry 0
no propagator flow, only for dots: Kira maps this sector 15 to this sector 15
with external Symmetry 0
no propagator flow, only for dots: Kira maps this sector 15 to this sector 15
with external Symmetry 0
no propagator flow, only for dots: Kira maps this sector 15 to this sector 15
with external Symmetry 0

Sector relations: 4
Sector symmetries: 7
( 0.0 s )

*****Integral ordering*************************************
VERSION table created successfully
Kira database version number: 2.1
WEIGHTBITS table created successfully
INTEGRALORDERING table created successfully
Kira will use the integral ordering: 1.

***********************************************************
Kira starts the reduction of the topology: A1
***********************************************************

***** Select equations recursively ************************
Select integrals for: topology: A1
 sectors: 15 rmax: 4 smax: 2

length of mandatory list: 121
Algebraic reconstruction is switched off.
90 independent coefficients
Number of master integrals: 3
A1[0,1,1,0] #  6
A1[1,0,0,1] #  9
A1[1,1,1,1] # 15
Regenerate:

Number of selected equations to reduce: 128 equations
( 0.0 s )
closeCalc: 3803
Algebraic reconstruction is switched off.

***** Select equations recursively ************************
Select integrals for: topology: A1
 sectors: 15 rmax: 4 smax: 2

length of mandatory list: 121

***** Bring system in triangular form *********************

Iterate the system until it is in triangular form: 
iteration: 0; items left: 19; time: ( 0.0 s )
iteration: 1; items left: 11; time: ( 0.0 s )
iteration: 2; items left: 5; time: ( 0.0 s )
iteration: 3; items left: 4; time: ( 0.0 s )
iteration: 4; items left: 4; time: ( 0.0 s )
iteration: 5; items left: 2; time: ( 0.0 s )
iteration: 6; items left: 1; time: ( 0.0 s )
iteration: 7; items left: 1; time: ( 0.0 s )
redundant: 0; insertions 56
All coefficients will be normalized

Equations out of bounds rmax and smax: 10
Equations in the bounds rmax and smax: 118
( 0.0 s )

Write the triangular system to ./tmp/ on hard disk
(--> ./tmp/A1/VERconfig, ./tmp/A1/VER###) 

Triangular form completed after ( 0.0 s )
closeCalc: 3807
FIREFLY table created successfully
Algebraic reconstruction is switched off.
Equation table created successfully

***** Run the back substitution ***********************

Load all files from ./tmp/
Take 118 equations to reduce 118 missing equations

Back substitution: 


Equations reduced: 40 / 118
Kira committed results ( 0.0 s )


Equations reduced: 68 / 118
Kira committed results ( 0.0 s )


Equations reduced: 74 / 118
Kira committed results ( 0.1 s )


Equations reduced: 88 / 118
Kira committed results ( 0.1 s )


Equations reduced: 109 / 118
Kira committed results ( 0.1 s )


Equations reduced: 118 / 118
Kira committed results ( 0.1 s )

118 equations were reduced

*****Master integrals***********************************
A1[0,1,1,0] #  6
A1[1,0,0,1] #  9
A1[1,1,1,1] # 15

*****Master integrals which do not appear on the right**
*****hand side of the selected integrals****************
A1[1,1,1,1] # 15

Total number of master integrals: 3
( 0.1 s )
closeCalc: 3814
Total time:
( 0.8 s )
