The user defined environment variable FERMATPATH for Fermat is set:
/home/riccardo/Programs/Fermat/ferl6/fer64
One variable is set to 1: {}
The input directory is set to:
./results

*****Integral ordering*************************************
Kira will use the integral ordering: 2.
symbol_to_replace_by_one: x in kinematics.yaml is not set. 
Mass reconstruction is disabled.
################################################
kira2math: Reconstruct results
################################################

Algebraic reconstruction is switched off.
This requested integral is a master integral: C3[0,0,1,1,1,0,0,0,0] # 28
This requested integral is a master integral: C3[0,1,1,0,0,1,0,0,0] # 38
This requested integral is a master integral: C3[0,1,1,1,0,1,0,0,0] # 46
This requested integral is a master integral: C3[0,1,1,1,1,0,0,0,0] # 30
This requested integral is a master integral: C3[1,0,1,0,1,1,0,0,0] # 53
This requested integral is a master integral: C3[1,1,1,0,0,0,0,0,0] # 7
This requested integral is a master integral: C3[1,1,1,0,1,1,0,0,0] # 55
This requested integral is a master integral: C3[1,1,1,1,0,1,0,0,0] # 47
This requested integral is a master integral: C3[1,1,1,1,1,0,0,0,0] # 31
This requested integral is a master integral: C3[1,1,1,1,1,1,0,0,0] # 63
unreduced integrals: 0.

closeCalc: 6396
Total time:
( 0.398223 s )
