The user defined environment variable FERMATPATH for Fermat is set:
/home/riccardo/Programs/Fermat/ferl6/fer64
One variable is set to 1: {}
The input directory is set to:
./results

*****Integral ordering*************************************
Kira will use the integral ordering: 1.
symbol_to_replace_by_one: x in kinematics.yaml is not set. 
Mass reconstruction is disabled.
################################################
kira2math: Reconstruct results
################################################

Algebraic reconstruction is switched off.
This requested integral is a master integral: A0[1,1,1,0] # 7
This requested integral is a master integral: A0[1,1,0,0] # 3
This requested integral is a master integral: A0[1,0,0,0] # 1
This requested integral is a master integral: A0[0,1,1,0] # 6
This requested integral is a master integral: A0[0,1,0,0] # 2
This requested integral is a master integral: A0[1,1,1,0] # 7
This requested integral is a master integral: A0[1,1,0,0] # 3
This requested integral is a master integral: A0[1,0,0,0] # 1
This requested integral is a master integral: A0[0,1,1,0] # 6
This requested integral is a master integral: A0[0,1,0,0] # 2
This integral is unreduced: C0[1,1,1,0] # 7
This integral is unreduced: C0[0,1,1,0] # 6
This integral is unreduced: D0[1,0,1,0] # 5
This integral is unreduced: D0[1,1,1,0] # 7
This integral is unreduced: D0[0,1,1,0] # 6
This integral is unreduced: D0[0,0,1,0] # 4
This integral is unreduced: D0[1,0,1,0] # 5
This integral is unreduced: D0[1,1,1,0] # 7
This integral is unreduced: D0[0,1,1,0] # 6
This integral is unreduced: D0[0,0,1,0] # 4
This integral is unreduced: B0[1,1,1,0] # 7
This integral is unreduced: B0[1,1,0,0] # 3
This integral is unreduced: B0[0,1,1,0] # 6
This integral is unreduced: B0[1,1,1,0] # 7
This integral is unreduced: B0[1,1,0,0] # 3
This integral is unreduced: B0[0,1,1,0] # 6
unreduced integrals: 16.

closeCalc: 11993
Total time:
( 0.30908 s )
