The user defined environment variable FERMATPATH for Fermat is set:
/home/riccardo/Programs/Fermat/ferl6/fer64
One variable is set to 1: {}
The directories for the temporary files, result files and the sector mapping files are: 
./tmp
./results
./sectormappings
Kira prepares topology: A1 and top level sector: 
15 
Kira prepares topology: A2 and top level sector: 
15 
Kira prepares topology: A3 and top level sector: 
15 
Kira prepares topology: A4 and top level sector: 
15 
Kira prepares topology: A5 and top level sector: 
15 
Kira prepares topology: A6 and top level sector: 
15 
Kira prepares topology: A7 and top level sector: 
15 
Kira prepares topology: B1 and top level sector: 
15 
Kira prepares topology: B2 and top level sector: 
15 
Kira prepares topology: B3 and top level sector: 
15 
Kira prepares topology: B4 and top level sector: 
15 
Kira prepares topology: B5 and top level sector: 
15 
Following reductions will be performed for the topology: A1
Sector: 15 rmax: 5 smax: 3 

Following reductions will be performed for the topology: A2
Sector: 15 rmax: 5 smax: 3 

Following reductions will be performed for the topology: A3
Sector: 15 rmax: 5 smax: 3 

Following reductions will be performed for the topology: A4
Sector: 15 rmax: 5 smax: 3 

Following reductions will be performed for the topology: A5
Sector: 15 rmax: 5 smax: 3 

Following reductions will be performed for the topology: B1
Sector: 15 rmax: 5 smax: 3 

Following reductions will be performed for the topology: B2
Sector: 15 rmax: 5 smax: 3 

Following reductions will be performed for the topology: B3
Sector: 15 rmax: 5 smax: 3 

Following reductions will be performed for the topology: B5
Sector: 15 rmax: 5 smax: 3 

Following reductions will be performed for the topology: B4
Sector: 15 rmax: 5 smax: 3 

Following reductions will be performed for the topology: A6
Sector: 15 rmax: 5 smax: 3 

Following reductions will be performed for the topology: A7
Sector: 15 rmax: 5 smax: 3 

***********************************************************
Find IBP LI and symmetry relations for the topology: A1
***********************************************************

*****Generate IBP identities*******************************
There are 4 IBP identities
( 0.01884 s )

*****Generate LI identities********************************
There are 3 LI identities
( 0.008576 s )

*****Search trivial sectors********************************
non trivial sector 6 2
non trivial sector 7 3
non trivial sector 9 2
non trivial sector 11 3
non trivial sector 13 3
non trivial sector 14 3
non trivial sector 15 4

Non trivial sectors in total: 7
Trivial sectors in total: 9
( 0.0 s )

Search symmetry relations: 

( 0.0 s )
***********************************************************
Find IBP LI and symmetry relations for the topology: A2
***********************************************************

*****Generate IBP identities*******************************
There are 4 IBP identities
( 0.0 s )

*****Generate LI identities********************************
There are 3 LI identities
( 0.0 s )

*****Search trivial sectors********************************
non trivial sector 4 1
non trivial sector 5 2
non trivial sector 6 2
non trivial sector 7 3
non trivial sector 9 2
non trivial sector 11 3
non trivial sector 12 2
non trivial sector 13 3
non trivial sector 14 3
non trivial sector 15 4

Non trivial sectors in total: 10
Trivial sectors in total: 6
( 0.0 s )

Search symmetry relations: 

( 0.0 s )
***********************************************************
Find IBP LI and symmetry relations for the topology: A3
***********************************************************

*****Generate IBP identities*******************************
There are 4 IBP identities
( 0.0 s )

*****Generate LI identities********************************
There are 3 LI identities
( 0.0 s )

*****Search trivial sectors********************************
non trivial sector 2 1
non trivial sector 3 2
non trivial sector 6 2
non trivial sector 7 3
non trivial sector 9 2
non trivial sector 10 2
non trivial sector 11 3
non trivial sector 13 3
non trivial sector 14 3
non trivial sector 15 4

Non trivial sectors in total: 10
Trivial sectors in total: 6
( 0.0 s )

Search symmetry relations: 

( 0.0 s )
***********************************************************
Find IBP LI and symmetry relations for the topology: A4
***********************************************************

*****Generate IBP identities*******************************
There are 4 IBP identities
( 0.0 s )

*****Generate LI identities********************************
There are 3 LI identities
( 0.0 s )

*****Search trivial sectors********************************
non trivial sector 2 1
non trivial sector 3 2
non trivial sector 4 1
non trivial sector 5 2
non trivial sector 6 2
non trivial sector 7 3
non trivial sector 9 2
non trivial sector 10 2
non trivial sector 11 3
non trivial sector 12 2
non trivial sector 13 3
non trivial sector 14 3
non trivial sector 15 4

Non trivial sectors in total: 13
Trivial sectors in total: 3
( 0.0 s )

Search symmetry relations: 

( 0.0 s )
***********************************************************
Find IBP LI and symmetry relations for the topology: A5
***********************************************************

*****Generate IBP identities*******************************
There are 4 IBP identities
( 0.0 s )

*****Generate LI identities********************************
There are 3 LI identities
( 0.0 s )

*****Search trivial sectors********************************
non trivial sector 2 1
non trivial sector 3 2
non trivial sector 4 1
non trivial sector 5 2
non trivial sector 6 2
non trivial sector 7 3
non trivial sector 9 2
non trivial sector 10 2
non trivial sector 11 3
non trivial sector 12 2
non trivial sector 13 3
non trivial sector 14 3
non trivial sector 15 4

Non trivial sectors in total: 13
Trivial sectors in total: 3
( 0.0 s )

Search symmetry relations: 

( 0.0 s )
***********************************************************
Find IBP LI and symmetry relations for the topology: B1
***********************************************************

*****Generate IBP identities*******************************
There are 4 IBP identities
( 0.0 s )

*****Generate LI identities********************************
There are 3 LI identities
( 0.0 s )

*****Search trivial sectors********************************
non trivial sector 6 2
non trivial sector 7 3
non trivial sector 9 2
non trivial sector 11 3
non trivial sector 13 3
non trivial sector 14 3
non trivial sector 15 4

Non trivial sectors in total: 7
Trivial sectors in total: 9
( 0.0 s )

Search symmetry relations: 

( 0.0 s )
***********************************************************
Find IBP LI and symmetry relations for the topology: B2
***********************************************************

*****Generate IBP identities*******************************
There are 4 IBP identities
( 0.0 s )

*****Generate LI identities********************************
There are 3 LI identities
( 0.0 s )

*****Search trivial sectors********************************
non trivial sector 4 1
non trivial sector 5 2
non trivial sector 6 2
non trivial sector 7 3
non trivial sector 9 2
non trivial sector 11 3
non trivial sector 12 2
non trivial sector 13 3
non trivial sector 14 3
non trivial sector 15 4

Non trivial sectors in total: 10
Trivial sectors in total: 6
( 0.0 s )

Search symmetry relations: 

( 0.0 s )
***********************************************************
Find IBP LI and symmetry relations for the topology: B3
***********************************************************

*****Generate IBP identities*******************************
There are 4 IBP identities
( 0.0 s )

*****Generate LI identities********************************
There are 3 LI identities
( 0.0 s )

*****Search trivial sectors********************************
non trivial sector 2 1
non trivial sector 3 2
non trivial sector 6 2
non trivial sector 7 3
non trivial sector 9 2
non trivial sector 10 2
non trivial sector 11 3
non trivial sector 13 3
non trivial sector 14 3
non trivial sector 15 4

Non trivial sectors in total: 10
Trivial sectors in total: 6
( 0.0 s )

Search symmetry relations: 

( 0.0 s )
***********************************************************
Find IBP LI and symmetry relations for the topology: B5
***********************************************************

*****Generate IBP identities*******************************
There are 4 IBP identities
( 0.0 s )

*****Generate LI identities********************************
There are 3 LI identities
( 0.0 s )

*****Search trivial sectors********************************
non trivial sector 2 1
non trivial sector 3 2
non trivial sector 4 1
non trivial sector 5 2
non trivial sector 6 2
non trivial sector 7 3
non trivial sector 9 2
non trivial sector 10 2
non trivial sector 11 3
non trivial sector 12 2
non trivial sector 13 3
non trivial sector 14 3
non trivial sector 15 4

Non trivial sectors in total: 13
Trivial sectors in total: 3
( 0.0 s )

Search symmetry relations: 

( 0.0 s )
***********************************************************
Find IBP LI and symmetry relations for the topology: B4
***********************************************************

*****Generate IBP identities*******************************
There are 4 IBP identities
( 0.0 s )

*****Generate LI identities********************************
There are 3 LI identities
( 0.0 s )

*****Search trivial sectors********************************
non trivial sector 2 1
non trivial sector 3 2
non trivial sector 4 1
non trivial sector 5 2
non trivial sector 6 2
non trivial sector 7 3
non trivial sector 9 2
non trivial sector 10 2
non trivial sector 11 3
non trivial sector 12 2
non trivial sector 13 3
non trivial sector 14 3
non trivial sector 15 4

Non trivial sectors in total: 13
Trivial sectors in total: 3
( 0.0 s )

Search symmetry relations: 

( 0.0 s )
***********************************************************
Find IBP LI and symmetry relations for the topology: A6
***********************************************************

*****Generate IBP identities*******************************
There are 4 IBP identities
( 0.0 s )

*****Generate LI identities********************************
There are 3 LI identities
( 0.0 s )

*****Search trivial sectors********************************
non trivial sector 6 2
non trivial sector 7 3
non trivial sector 8 1
non trivial sector 9 2
non trivial sector 10 2
non trivial sector 11 3
non trivial sector 12 2
non trivial sector 13 3
non trivial sector 14 3
non trivial sector 15 4

Non trivial sectors in total: 10
Trivial sectors in total: 6
( 0.0 s )

Search symmetry relations: 

( 0.0 s )
***********************************************************
Find IBP LI and symmetry relations for the topology: A7
***********************************************************

*****Generate IBP identities*******************************
There are 4 IBP identities
( 0.0 s )

*****Generate LI identities********************************
There are 3 LI identities
( 0.0 s )

*****Search trivial sectors********************************
non trivial sector 1 1
non trivial sector 3 2
non trivial sector 5 2
non trivial sector 6 2
non trivial sector 7 3
non trivial sector 9 2
non trivial sector 11 3
non trivial sector 13 3
non trivial sector 14 3
non trivial sector 15 4

Non trivial sectors in total: 10
Trivial sectors in total: 6
( 0.0 s )

Search symmetry relations: 

( 0.0 s )
***********************************************************
Prepare Symmetries for the topology: A1
***********************************************************
Build symmetries for A1 x A1 
Kira maps this sector 6 to this sector 6
with external Symmetry 0
Kira maps this sector 9 to this sector 9
with external Symmetry 0
no propagator flow, only for dots: Kira maps this sector 7 to this sector 7
with external Symmetry 0
no propagator flow, only for dots: Kira maps this sector 14 to this sector 7
with external Symmetry 0
no propagator flow, only for dots: Kira maps this sector 14 to this sector 7
with external Symmetry 0
no propagator flow, only for dots: Kira maps this sector 11 to this sector 11
with external Symmetry 0
no propagator flow, only for dots: Kira maps this sector 13 to this sector 11
with external Symmetry 0
no propagator flow, only for dots: Kira maps this sector 13 to this sector 11
with external Symmetry 0
no propagator flow, only for dots: Kira maps this sector 15 to this sector 15
with external Symmetry 0
no propagator flow, only for dots: Kira maps this sector 15 to this sector 15
with external Symmetry 0
no propagator flow, only for dots: Kira maps this sector 15 to this sector 15
with external Symmetry 0

Sector relations: 4
Sector symmetries: 7
( 0.0 s )
***********************************************************
Prepare Symmetries for the topology: A2
***********************************************************
Build symmetries for A2 x A1 
Kira maps this sector 9 to this sector 9
with external Symmetry 0
Kira maps this sector 9 to this sector 9
with external Symmetry 0
Kira maps this sector 11 to this sector 11
with external Symmetry 0
no propagator flow, only for dots: Kira maps this sector 11 to this sector 11
with external Symmetry 0

Sector relations: 4
Sector symmetries: 0
( 0.0 s )
Build symmetries for A2 x A2 
no propagator flow, only for dots: Kira maps this sector 12 to this sector 5
with external Symmetry 0
no propagator flow, only for dots: Kira maps this sector 14 to this sector 7
with external Symmetry 0
no propagator flow, only for dots: Kira maps this sector 13 to this sector 13
with external Symmetry 0
no propagator flow, only for dots: Kira maps this sector 15 to this sector 15
with external Symmetry 0

Sector relations: 6
Sector symmetries: 2
( 0.0 s )
***********************************************************
Prepare Symmetries for the topology: A3
***********************************************************
Build symmetries for A3 x A1 
Kira maps this sector 9 to this sector 9
with external Symmetry 0
Kira maps this sector 9 to this sector 9
with external Symmetry 0
no propagator flow, only for dots: Kira maps this sector 13 to this sector 11
with external Symmetry 0
no propagator flow, only for dots: Kira maps this sector 13 to this sector 11
with external Symmetry 0

Sector relations: 4
Sector symmetries: 0
( 0.0 s )
Build symmetries for A3 x A2 
Kira maps this sector 2 to this sector 4
with external Symmetry 0
no propagator flow, only for dots: Kira maps this sector 3 to this sector 5
with external Symmetry 0
no propagator flow, only for dots: Kira maps this sector 10 to this sector 5
with external Symmetry 0
Kira maps this sector 6 to this sector 6
with external Symmetry 0
no propagator flow, only for dots: Kira maps this sector 7 to this sector 7
with external Symmetry 0
no propagator flow, only for dots: Kira maps this sector 14 to this sector 7
with external Symmetry 0
no propagator flow, only for dots: Kira maps this sector 11 to this sector 13
with external Symmetry 0
no propagator flow, only for dots: Kira maps this sector 11 to this sector 13
with external Symmetry 0
no propagator flow, only for dots: Kira maps this sector 15 to this sector 15
with external Symmetry 0
no propagator flow, only for dots: Kira maps this sector 15 to this sector 15
with external Symmetry 0

Sector relations: 14
Sector symmetries: 0
( 0.0 s )
Build symmetries for A3 x A3 
Skip mappings because all top level sectors are mapped
already to a lower topology.
( 0.0 s )
***********************************************************
Prepare Symmetries for the topology: A4
***********************************************************
Build symmetries for A4 x A1 
Kira maps this sector 9 to this sector 9
with external Symmetry 0
Kira maps this sector 9 to this sector 9
with external Symmetry 0

Sector relations: 2
Sector symmetries: 0
( 0.0 s )
Build symmetries for A4 x A2 
Kira maps this sector 2 to this sector 4
with external Symmetry 0
Kira maps this sector 4 to this sector 4
with external Symmetry 0
no propagator flow, only for dots: Kira maps this sector 3 to this sector 5
with external Symmetry 0
Kira maps this sector 5 to this sector 5
with external Symmetry 0
no propagator flow, only for dots: Kira maps this sector 10 to this sector 5
with external Symmetry 0
no propagator flow, only for dots: Kira maps this sector 12 to this sector 5
with external Symmetry 0
no propagator flow, only for dots: Kira maps this sector 11 to this sector 13
with external Symmetry 0
no propagator flow, only for dots: Kira maps this sector 11 to this sector 13
with external Symmetry 0
Kira maps this sector 13 to this sector 13
with external Symmetry 0
no propagator flow, only for dots: Kira maps this sector 13 to this sector 13
with external Symmetry 0

Sector relations: 12
Sector symmetries: 0
( 0.0 s )
Build symmetries for A4 x A3 
Skip mappings because all top level sectors are mapped
already to a lower topology.
( 0.0 s )
Build symmetries for A4 x A4 
Kira maps this sector 6 to this sector 6
with external Symmetry 0
no propagator flow, only for dots: Kira maps this sector 7 to this sector 7
with external Symmetry 0
no propagator flow, only for dots: Kira maps this sector 14 to this sector 7
with external Symmetry 0
no propagator flow, only for dots: Kira maps this sector 14 to this sector 7
with external Symmetry 0
no propagator flow, only for dots: Kira maps this sector 15 to this sector 15
with external Symmetry 0
no propagator flow, only for dots: Kira maps this sector 15 to this sector 15
with external Symmetry 0
no propagator flow, only for dots: Kira maps this sector 15 to this sector 15
with external Symmetry 0

Sector relations: 14
Sector symmetries: 5
( 0.0 s )
***********************************************************
Prepare Symmetries for the topology: A5
***********************************************************
Build symmetries for A5 x A1 
Kira maps this sector 9 to this sector 9
with external Symmetry 0
Kira maps this sector 9 to this sector 9
with external Symmetry 0

Sector relations: 2
Sector symmetries: 0
( 0.0 s )
Build symmetries for A5 x A2 
Kira maps this sector 2 to this sector 4
with external Symmetry 0
no propagator flow, only for dots: Kira maps this sector 3 to this sector 5
with external Symmetry 0
no propagator flow, only for dots: Kira maps this sector 10 to this sector 5
with external Symmetry 0
no propagator flow, only for dots: Kira maps this sector 11 to this sector 13
with external Symmetry 0
no propagator flow, only for dots: Kira maps this sector 11 to this sector 13
with external Symmetry 0

Sector relations: 7
Sector symmetries: 0
( 0.0 s )
Build symmetries for A5 x A3 
Skip mappings because all top level sectors are mapped
already to a lower topology.
( 0.0 s )
Build symmetries for A5 x A4 

Sector relations: 7
Sector symmetries: 0
( 0.0 s )
Build symmetries for A5 x A5 
no propagator flow, only for dots: Kira maps this sector 12 to this sector 5
with external Symmetry 0
no propagator flow, only for dots: Kira maps this sector 14 to this sector 7
with external Symmetry 0
no propagator flow, only for dots: Kira maps this sector 13 to this sector 13
with external Symmetry 0
no propagator flow, only for dots: Kira maps this sector 15 to this sector 15
with external Symmetry 0

Sector relations: 9
Sector symmetries: 2
( 0.0 s )
***********************************************************
Prepare Symmetries for the topology: B1
***********************************************************
Build symmetries for B1 x A1 
Kira maps this sector 6 to this sector 6
with external Symmetry 0
Kira maps this sector 6 to this sector 6
with external Symmetry 0
Kira maps this sector 7 to this sector 7
with external Symmetry 0
no propagator flow, only for dots: Kira maps this sector 7 to this sector 7
with external Symmetry 0
no propagator flow, only for dots: Kira maps this sector 14 to this sector 7
with external Symmetry 0
no propagator flow, only for dots: Kira maps this sector 14 to this sector 7
with external Symmetry 0

Sector relations: 6
Sector symmetries: 0
( 0.0 s )
Build symmetries for B1 x A2 

Sector relations: 6
Sector symmetries: 0
( 0.0 s )
Build symmetries for B1 x A3 
Skip mappings because all top level sectors are mapped
already to a lower topology.
( 0.0 s )
Build symmetries for B1 x A4 

Sector relations: 6
Sector symmetries: 0
( 0.0 s )
Build symmetries for B1 x A5 

Sector relations: 6
Sector symmetries: 0
( 0.0 s )
Build symmetries for B1 x B1 
Kira maps this sector 9 to this sector 9
with external Symmetry 0
no propagator flow, only for dots: Kira maps this sector 11 to this sector 11
with external Symmetry 0
no propagator flow, only for dots: Kira maps this sector 13 to this sector 11
with external Symmetry 0
no propagator flow, only for dots: Kira maps this sector 13 to this sector 11
with external Symmetry 0
no propagator flow, only for dots: Kira maps this sector 15 to this sector 15
with external Symmetry 0
no propagator flow, only for dots: Kira maps this sector 15 to this sector 15
with external Symmetry 0
no propagator flow, only for dots: Kira maps this sector 15 to this sector 15
with external Symmetry 0

Sector relations: 8
Sector symmetries: 5
( 0.0 s )
***********************************************************
Prepare Symmetries for the topology: B2
***********************************************************
Build symmetries for B2 x A1 

Sector relations: 0
Sector symmetries: 0
( 0.0 s )
Build symmetries for B2 x A2 
Kira maps this sector 4 to this sector 4
with external Symmetry 0
Kira maps this sector 5 to this sector 5
with external Symmetry 0
no propagator flow, only for dots: Kira maps this sector 12 to this sector 5
with external Symmetry 0
Kira maps this sector 6 to this sector 6
with external Symmetry 0
Kira maps this sector 7 to this sector 7
with external Symmetry 0
no propagator flow, only for dots: Kira maps this sector 14 to this sector 7
with external Symmetry 0

Sector relations: 6
Sector symmetries: 0
( 0.0 s )
Build symmetries for B2 x A3 
Skip mappings because all top level sectors are mapped
already to a lower topology.
( 0.0 s )
Build symmetries for B2 x A4 

Sector relations: 6
Sector symmetries: 0
( 0.0 s )
Build symmetries for B2 x A5 

Sector relations: 6
Sector symmetries: 0
( 0.0 s )
Build symmetries for B2 x B1 
Kira maps this sector 9 to this sector 9
with external Symmetry 0
Kira maps this sector 9 to this sector 9
with external Symmetry 0
Kira maps this sector 11 to this sector 11
with external Symmetry 0
no propagator flow, only for dots: Kira maps this sector 11 to this sector 11
with external Symmetry 0

Sector relations: 10
Sector symmetries: 0
( 0.0 s )
Build symmetries for B2 x B2 
no propagator flow, only for dots: Kira maps this sector 13 to this sector 13
with external Symmetry 0
no propagator flow, only for dots: Kira maps this sector 15 to this sector 15
with external Symmetry 0

Sector relations: 10
Sector symmetries: 2
( 0.0 s )
***********************************************************
Prepare Symmetries for the topology: B3
***********************************************************
Build symmetries for B3 x A1 

Sector relations: 0
Sector symmetries: 0
( 0.0 s )
Build symmetries for B3 x A2 
Kira maps this sector 2 to this sector 4
with external Symmetry 0
no propagator flow, only for dots: Kira maps this sector 3 to this sector 5
with external Symmetry 0
no propagator flow, only for dots: Kira maps this sector 10 to this sector 5
with external Symmetry 0
Kira maps this sector 6 to this sector 6
with external Symmetry 0
no propagator flow, only for dots: Kira maps this sector 7 to this sector 7
with external Symmetry 0
no propagator flow, only for dots: Kira maps this sector 14 to this sector 7
with external Symmetry 0

Sector relations: 6
Sector symmetries: 0
( 0.0 s )
Build symmetries for B3 x A3 
Skip mappings because all top level sectors are mapped
already to a lower topology.
( 0.0 s )
Build symmetries for B3 x A4 

Sector relations: 6
Sector symmetries: 0
( 0.0 s )
Build symmetries for B3 x A5 

Sector relations: 6
Sector symmetries: 0
( 0.0 s )
Build symmetries for B3 x B1 
Kira maps this sector 9 to this sector 9
with external Symmetry 0
Kira maps this sector 9 to this sector 9
with external Symmetry 0
no propagator flow, only for dots: Kira maps this sector 13 to this sector 11
with external Symmetry 0
no propagator flow, only for dots: Kira maps this sector 13 to this sector 11
with external Symmetry 0

Sector relations: 10
Sector symmetries: 0
( 0.0 s )
Build symmetries for B3 x B2 
no propagator flow, only for dots: Kira maps this sector 11 to this sector 13
with external Symmetry 0
no propagator flow, only for dots: Kira maps this sector 11 to this sector 13
with external Symmetry 0
no propagator flow, only for dots: Kira maps this sector 15 to this sector 15
with external Symmetry 0
no propagator flow, only for dots: Kira maps this sector 15 to this sector 15
with external Symmetry 0

Sector relations: 14
Sector symmetries: 0
( 0.0 s )
Build symmetries for B3 x B3 
Skip mappings because all top level sectors are mapped
already to a lower topology.
( 0.0 s )
***********************************************************
Prepare Symmetries for the topology: B5
***********************************************************
Build symmetries for B5 x A1 

Sector relations: 0
Sector symmetries: 0
( 0.0 s )
Build symmetries for B5 x A2 
Kira maps this sector 2 to this sector 4
with external Symmetry 0
no propagator flow, only for dots: Kira maps this sector 3 to this sector 5
with external Symmetry 0
no propagator flow, only for dots: Kira maps this sector 10 to this sector 5
with external Symmetry 0

Sector relations: 3
Sector symmetries: 0
( 0.0 s )
Build symmetries for B5 x A3 
Skip mappings because all top level sectors are mapped
already to a lower topology.
( 0.0 s )
Build symmetries for B5 x A4 

Sector relations: 3
Sector symmetries: 0
( 0.0 s )
Build symmetries for B5 x A5 
Kira maps this sector 4 to this sector 4
with external Symmetry 0
Kira maps this sector 5 to this sector 5
with external Symmetry 0
no propagator flow, only for dots: Kira maps this sector 12 to this sector 5
with external Symmetry 0
Kira maps this sector 6 to this sector 6
with external Symmetry 0
Kira maps this sector 7 to this sector 7
with external Symmetry 0
no propagator flow, only for dots: Kira maps this sector 14 to this sector 7
with external Symmetry 0

Sector relations: 9
Sector symmetries: 0
( 0.0 s )
Build symmetries for B5 x B1 
Kira maps this sector 9 to this sector 9
with external Symmetry 0
Kira maps this sector 9 to this sector 9
with external Symmetry 0

Sector relations: 11
Sector symmetries: 0
( 0.0 s )
Build symmetries for B5 x B2 
no propagator flow, only for dots: Kira maps this sector 11 to this sector 13
with external Symmetry 0
no propagator flow, only for dots: Kira maps this sector 11 to this sector 13
with external Symmetry 0

Sector relations: 13
Sector symmetries: 0
( 0.0 s )
Build symmetries for B5 x B3 
Skip mappings because all top level sectors are mapped
already to a lower topology.
( 0.0 s )
Build symmetries for B5 x B5 
no propagator flow, only for dots: Kira maps this sector 13 to this sector 13
with external Symmetry 0
no propagator flow, only for dots: Kira maps this sector 15 to this sector 15
with external Symmetry 0

Sector relations: 13
Sector symmetries: 2
( 0.0 s )
***********************************************************
Prepare Symmetries for the topology: B4
***********************************************************
Build symmetries for B4 x A1 

Sector relations: 0
Sector symmetries: 0
( 0.0 s )
Build symmetries for B4 x A2 
Kira maps this sector 2 to this sector 4
with external Symmetry 0
Kira maps this sector 4 to this sector 4
with external Symmetry 0
no propagator flow, only for dots: Kira maps this sector 3 to this sector 5
with external Symmetry 0
Kira maps this sector 5 to this sector 5
with external Symmetry 0
no propagator flow, only for dots: Kira maps this sector 10 to this sector 5
with external Symmetry 0
no propagator flow, only for dots: Kira maps this sector 12 to this sector 5
with external Symmetry 0

Sector relations: 6
Sector symmetries: 0
( 0.0 s )
Build symmetries for B4 x A3 
Skip mappings because all top level sectors are mapped
already to a lower topology.
( 0.0 s )
Build symmetries for B4 x A4 
Kira maps this sector 6 to this sector 6
with external Symmetry 0
Kira maps this sector 6 to this sector 6
with external Symmetry 0
Kira maps this sector 7 to this sector 7
with external Symmetry 0
no propagator flow, only for dots: Kira maps this sector 7 to this sector 7
with external Symmetry 0
no propagator flow, only for dots: Kira maps this sector 14 to this sector 7
with external Symmetry 0
no propagator flow, only for dots: Kira maps this sector 14 to this sector 7
with external Symmetry 0

Sector relations: 12
Sector symmetries: 0
( 0.0 s )
Build symmetries for B4 x A5 

Sector relations: 12
Sector symmetries: 0
( 0.0 s )
Build symmetries for B4 x B1 
Kira maps this sector 9 to this sector 9
with external Symmetry 0
Kira maps this sector 9 to this sector 9
with external Symmetry 0

Sector relations: 14
Sector symmetries: 0
( 0.0 s )
Build symmetries for B4 x B2 
no propagator flow, only for dots: Kira maps this sector 11 to this sector 13
with external Symmetry 0
no propagator flow, only for dots: Kira maps this sector 11 to this sector 13
with external Symmetry 0
Kira maps this sector 13 to this sector 13
with external Symmetry 0
no propagator flow, only for dots: Kira maps this sector 13 to this sector 13
with external Symmetry 0

Sector relations: 18
Sector symmetries: 0
( 0.0 s )
Build symmetries for B4 x B3 
Skip mappings because all top level sectors are mapped
already to a lower topology.
( 0.0 s )
Build symmetries for B4 x B5 

Sector relations: 18
Sector symmetries: 0
( 0.0 s )
Build symmetries for B4 x B4 
no propagator flow, only for dots: Kira maps this sector 15 to this sector 15
with external Symmetry 0
no propagator flow, only for dots: Kira maps this sector 15 to this sector 15
with external Symmetry 0
no propagator flow, only for dots: Kira maps this sector 15 to this sector 15
with external Symmetry 0

Sector relations: 18
Sector symmetries: 3
( 0.0 s )
***********************************************************
Prepare Symmetries for the topology: A6
***********************************************************
Build symmetries for A6 x A1 
Kira maps this sector 6 to this sector 6
with external Symmetry 0
Kira maps this sector 6 to this sector 6
with external Symmetry 0
Kira maps this sector 7 to this sector 7
with external Symmetry 0
no propagator flow, only for dots: Kira maps this sector 7 to this sector 7
with external Symmetry 0

Sector relations: 4
Sector symmetries: 0
( 0.0 s )
Build symmetries for A6 x A2 
Kira maps this sector 8 to this sector 4
with external Symmetry 0
no propagator flow, only for dots: Kira maps this sector 10 to this sector 5
with external Symmetry 0
no propagator flow, only for dots: Kira maps this sector 12 to this sector 5
with external Symmetry 0

Sector relations: 7
Sector symmetries: 0
( 0.0 s )
Build symmetries for A6 x A3 
Skip mappings because all top level sectors are mapped
already to a lower topology.
( 0.0 s )
Build symmetries for A6 x A4 

Sector relations: 7
Sector symmetries: 0
( 0.0 s )
Build symmetries for A6 x A5 

Sector relations: 7
Sector symmetries: 0
( 0.0 s )
Build symmetries for A6 x B1 

Sector relations: 7
Sector symmetries: 0
( 0.0 s )
Build symmetries for A6 x B2 

Sector relations: 7
Sector symmetries: 0
( 0.0 s )
Build symmetries for A6 x B3 
Skip mappings because all top level sectors are mapped
already to a lower topology.
( 0.0 s )
Build symmetries for A6 x B5 

Sector relations: 7
Sector symmetries: 0
( 0.0 s )
Build symmetries for A6 x B4 

Sector relations: 7
Sector symmetries: 0
( 0.0 s )
Build symmetries for A6 x A6 
no propagator flow, only for dots: Kira maps this sector 13 to this sector 11
with external Symmetry 0
no propagator flow, only for dots: Kira maps this sector 14 to this sector 14
with external Symmetry 0
no propagator flow, only for dots: Kira maps this sector 15 to this sector 15
with external Symmetry 0

Sector relations: 8
Sector symmetries: 2
( 0.0 s )
***********************************************************
Prepare Symmetries for the topology: A7
***********************************************************
Build symmetries for A7 x A1 
Kira maps this sector 6 to this sector 6
with external Symmetry 0
Kira maps this sector 6 to this sector 6
with external Symmetry 0
no propagator flow, only for dots: Kira maps this sector 14 to this sector 7
with external Symmetry 0
no propagator flow, only for dots: Kira maps this sector 14 to this sector 7
with external Symmetry 0

Sector relations: 4
Sector symmetries: 0
( 0.0 s )
Build symmetries for A7 x A2 
Kira maps this sector 1 to this sector 4
with external Symmetry 0
no propagator flow, only for dots: Kira maps this sector 3 to this sector 5
with external Symmetry 0
Kira maps this sector 5 to this sector 5
with external Symmetry 0

Sector relations: 7
Sector symmetries: 0
( 0.0 s )
Build symmetries for A7 x A3 
Skip mappings because all top level sectors are mapped
already to a lower topology.
( 0.0 s )
Build symmetries for A7 x A4 

Sector relations: 7
Sector symmetries: 0
( 0.0 s )
Build symmetries for A7 x A5 

Sector relations: 7
Sector symmetries: 0
( 0.0 s )
Build symmetries for A7 x B1 

Sector relations: 7
Sector symmetries: 0
( 0.0 s )
Build symmetries for A7 x B2 

Sector relations: 7
Sector symmetries: 0
( 0.0 s )
Build symmetries for A7 x B3 
Skip mappings because all top level sectors are mapped
already to a lower topology.
( 0.0 s )
Build symmetries for A7 x B5 

Sector relations: 7
Sector symmetries: 0
( 0.0 s )
Build symmetries for A7 x B4 

Sector relations: 7
Sector symmetries: 0
( 0.0 s )
Build symmetries for A7 x A6 
Kira maps this sector 9 to this sector 9
with external Symmetry 0
no propagator flow, only for dots: Kira maps this sector 11 to this sector 11
with external Symmetry 0
no propagator flow, only for dots: Kira maps this sector 13 to this sector 11
with external Symmetry 0
no propagator flow, only for dots: Kira maps this sector 7 to this sector 14
with external Symmetry 0
no propagator flow, only for dots: Kira maps this sector 7 to this sector 14
with external Symmetry 0
no propagator flow, only for dots: Kira maps this sector 15 to this sector 15
with external Symmetry 0
no propagator flow, only for dots: Kira maps this sector 15 to this sector 15
with external Symmetry 0

Sector relations: 14
Sector symmetries: 0
( 0.0 s )
Build symmetries for A7 x A7 
Skip mappings because all top level sectors are mapped
already to a lower topology.
( 0.0 s )

*****Integral ordering*************************************
VERSION table created successfully
Kira database version number: 2.1
WEIGHTBITS table created successfully
INTEGRALORDERING table created successfully
Kira will use the integral ordering: 1.
skip this line: #basisofmasters
skip this line: 

***********************************************************
Kira starts the reduction of the topology: A1
***********************************************************

***** Select equations recursively ************************
Select integrals for: topology: A1
 sectors: 15 rmax: 5 smax: 3

length of mandatory list: 365
Algebraic reconstruction is switched off.
159 independent coefficients
Number of master integrals: 3
A1[0,1,1,0] #  6
A1[1,0,0,1] #  9
A1[1,1,1,1] # 15
Regenerate:

Number of selected equations to reduce: 366 equations
( 0.1 s )
closeCalc: 4742
Algebraic reconstruction is switched off.

***** Select equations recursively ************************
Select integrals for: topology: A1
 sectors: 15 rmax: 5 smax: 3

length of mandatory list: 365

***** Bring system in triangular form *********************

Iterate the system until it is in triangular form: 
iteration: 0; items left: 30; time: ( 0.0 s )
iteration: 1; items left: 15; time: ( 0.0 s )
iteration: 2; items left: 6; time: ( 0.0 s )
iteration: 3; items left: 5; time: ( 0.0 s )
iteration: 4; items left: 5; time: ( 0.0 s )
iteration: 5; items left: 3; time: ( 0.0 s )
iteration: 6; items left: 3; time: ( 0.0 s )
iteration: 7; items left: 2; time: ( 0.0 s )
redundant: 0; insertions 82
All coefficients will be normalized

Equations out of bounds rmax and smax: 4
Equations in the bounds rmax and smax: 362
( 0.1 s )

Write the triangular system to ./tmp/ on hard disk
(--> ./tmp/A1/VERconfig, ./tmp/A1/VER###) 

Triangular form completed after ( 0.1 s )
closeCalc: 4746
FIREFLY table created successfully
Algebraic reconstruction is switched off.
Equation table created successfully

***** Run the back substitution ***********************

Load all files from ./tmp/
Take 362 equations to reduce 362 missing equations

Back substitution: 


Equations reduced: 122 / 362
Kira committed results ( 0.1 s )


Equations reduced: 163 / 362
Kira committed results ( 0.1 s )


Equations reduced: 186 / 362
Kira committed results ( 0.1 s )


Equations reduced: 229 / 362
Kira committed results ( 0.1 s )


Equations reduced: 323 / 362
Kira committed results ( 0.1 s )


Equations reduced: 337 / 362
Kira committed results ( 0.1 s )


Equations reduced: 362 / 362
Kira committed results ( 0.1 s )

362 equations were reduced

*****Master integrals***********************************
A1[0,1,1,0] #  6
A1[1,0,0,1] #  9
A1[1,1,1,1] # 15

Total number of master integrals: 3
( 0.1 s )
closeCalc: 4753

***********************************************************
Kira starts the reduction of the topology: A2
***********************************************************

***** Select equations recursively ************************
Select integrals for: topology: A2
 sectors: 15 rmax: 5 smax: 3

length of mandatory list: 665
Algebraic reconstruction is switched off.
243 independent coefficients
Number of master integrals: 5
A1[1,0,0,1] #  9
A2[0,0,1,0] #  4
A2[0,1,1,0] #  6
A2[1,0,1,1] # 13
A2[1,1,1,1] # 15
Regenerate:

Number of selected equations to reduce: 829 equations
( 0.1 s )
closeCalc: 4774
Algebraic reconstruction is switched off.

***** Select equations recursively ************************
Select integrals for: topology: A2
 sectors: 15 rmax: 5 smax: 3

length of mandatory list: 665

***** Bring system in triangular form *********************

Iterate the system until it is in triangular form: 
iteration: 0; items left: 89; time: ( 0.1 s )
iteration: 1; items left: 55; time: ( 0.1 s )
iteration: 2; items left: 36; time: ( 0.1 s )
iteration: 3; items left: 23; time: ( 0.1 s )
iteration: 4; items left: 18; time: ( 0.1 s )
iteration: 5; items left: 12; time: ( 0.1 s )
iteration: 6; items left: 11; time: ( 0.1 s )
iteration: 7; items left: 7; time: ( 0.1 s )
iteration: 8; items left: 6; time: ( 0.1 s )
iteration: 9; items left: 4; time: ( 0.1 s )
iteration: 10; items left: 3; time: ( 0.1 s )
iteration: 11; items left: 2; time: ( 0.1 s )
iteration: 12; items left: 2; time: ( 0.1 s )
iteration: 13; items left: 2; time: ( 0.1 s )
iteration: 14; items left: 1; time: ( 0.1 s )
iteration: 15; items left: 1; time: ( 0.1 s )
iteration: 16; items left: 1; time: ( 0.1 s )
iteration: 17; items left: 1; time: ( 0.1 s )
redundant: 0; insertions 325
All coefficients will be normalized

Equations out of bounds rmax and smax: 29
Equations in the bounds rmax and smax: 800
( 0.3 s )

Write the triangular system to ./tmp/ on hard disk
(--> ./tmp/A2/VERconfig, ./tmp/A2/VER###) 

Triangular form completed after ( 0.3 s )
closeCalc: 4778
Algebraic reconstruction is switched off.

***** Run the back substitution ***********************

Load all files from ./tmp/
Take 800 equations to reduce 661 missing equations

Back substitution: 


Equations reduced: 0 / 800
Kira committed results ( 0.0 s )


Equations reduced: 159 / 800
Kira committed results ( 0.1 s )


Equations reduced: 295 / 800
Kira committed results ( 0.2 s )


Equations reduced: 436 / 800
Kira committed results ( 0.2 s )


Equations reduced: 466 / 800
Kira committed results ( 0.3 s )


Equations reduced: 503 / 800
Kira committed results ( 0.3 s )


Equations reduced: 656 / 800
Kira committed results ( 0.4 s )


Equations reduced: 684 / 800
Kira committed results ( 0.4 s )


Equations reduced: 736 / 800
Kira committed results ( 0.4 s )


Equations reduced: 763 / 800
Kira committed results ( 0.4 s )


Equations reduced: 800 / 800
Kira committed results ( 0.5 s )

800 equations were reduced

*****Master integrals***********************************
A1[1,0,0,1] #  9
A2[0,0,1,0] #  4
A2[0,1,1,0] #  6
A2[1,0,1,1] # 13
A2[1,1,1,1] # 15

Total number of master integrals: 5
( 0.5 s )
closeCalc: 4785

***********************************************************
Kira starts the reduction of the topology: A3
***********************************************************

***** Select equations recursively ************************
Select integrals for: topology: A3
 sectors: 15 rmax: 5 smax: 3

length of mandatory list: 665
Algebraic reconstruction is switched off.
324 independent coefficients
Number of master integrals: 5
A1[1,0,0,1] #  9
A2[0,0,1,0] #  4
A2[0,1,1,0] #  6
A2[1,0,1,1] # 13
A2[1,1,1,1] # 15
Regenerate:

Number of selected equations to reduce: 1048 equations
( 0.2 s )
closeCalc: 4816
Algebraic reconstruction is switched off.

***** Select equations recursively ************************
Select integrals for: topology: A3
 sectors: 15 rmax: 5 smax: 3

length of mandatory list: 665

***** Bring system in triangular form *********************

Iterate the system until it is in triangular form: 
iteration: 0; items left: 89; time: ( 0.0 s )
iteration: 1; items left: 55; time: ( 0.1 s )
iteration: 2; items left: 35; time: ( 0.1 s )
iteration: 3; items left: 21; time: ( 0.1 s )
iteration: 4; items left: 15; time: ( 0.1 s )
iteration: 5; items left: 10; time: ( 0.1 s )
iteration: 6; items left: 9; time: ( 0.1 s )
iteration: 7; items left: 6; time: ( 0.1 s )
iteration: 8; items left: 5; time: ( 0.1 s )
iteration: 9; items left: 5; time: ( 0.1 s )
iteration: 10; items left: 4; time: ( 0.1 s )
iteration: 11; items left: 3; time: ( 0.1 s )
iteration: 12; items left: 3; time: ( 0.1 s )
iteration: 13; items left: 1; time: ( 0.1 s )
redundant: 0; insertions 326
All coefficients will be normalized

Equations out of bounds rmax and smax: 29
Equations in the bounds rmax and smax: 1019
( 0.2 s )

Write the triangular system to ./tmp/ on hard disk
(--> ./tmp/A3/VERconfig, ./tmp/A3/VER###) 

Triangular form completed after ( 0.3 s )
closeCalc: 4820
Algebraic reconstruction is switched off.

***** Run the back substitution ***********************

Load all files from ./tmp/
Take 1005 equations to reduce 665 missing equations

Back substitution: 


Equations reduced: 0 / 1005
Kira committed results ( 0.0 s )


Equations reduced: 0 / 1005
Kira committed results ( 0.0 s )
 s )
.0% []

Equations reduced: 

Equations reduced:   0.0% []0 / 1005
Kira committed results ( 0.0 s )


Equations reduced: 0 / 1005
Kira committed results ( 0.0 s )


Equations reduced: 13 / 1005
Kira committed results ( 0.0 s )


Equations reduced: 15 / 1005
Kira committed results ( 0.1 s )


Equations reduced: 21 / 1005
Kira committed results ( 0.1 s )


Equations reduced: 382 / 1005
Kira committed results ( 0.2 s )


Equations reduced: 530 / 1005
Kira committed results ( 0.3 s )


Equations reduced: 569 / 1005
Kira committed results ( 0.3 s )


Equations reduced: 766 / 1005
Kira committed results ( 0.4 s )


Equations reduced: 826 / 1005
Kira committed results ( 0.4 s )


Equations reduced: 841 / 1005
Kira committed results ( 0.4 s )


Equations reduced: 866 / 1005
Kira committed results ( 0.4 s )


Equations reduced: 987 / 1005
Kira committed results ( 0.4 s )


Equations reduced: 1005 / 1005
Kira committed results ( 0.5 s )

1005 equations were reduced

*****Master integrals***********************************
A1[1,0,0,1] #  9
A2[0,0,1,0] #  4
A2[0,1,1,0] #  6
A2[1,0,1,1] # 13
A2[1,1,1,1] # 15

Total number of master integrals: 5
( 0.5 s )
closeCalc: 4827

***********************************************************
Kira starts the reduction of the topology: A4
***********************************************************

***** Select equations recursively ************************
Select integrals for: topology: A4
 sectors: 15 rmax: 5 smax: 3

length of mandatory list: 965
Algebraic reconstruction is switched off.
376 independent coefficients
Number of master integrals: 6
A1[1,0,0,1] #  9
A2[0,0,1,0] #  4
A2[1,0,1,1] # 13
A4[0,1,1,0] #  6
A4[1,1,1,0] #  7
A4[1,1,1,1] # 15
Regenerate:

Number of selected equations to reduce: 1394 equations
( 0.1 s )
closeCalc: 4870
Algebraic reconstruction is switched off.

***** Select equations recursively ************************
Select integrals for: topology: A4
 sectors: 15 rmax: 5 smax: 3

length of mandatory list: 965

***** Bring system in triangular form *********************

Iterate the system until it is in triangular form: 
iteration: 0; items left: 113; time: ( 0.1 s )
iteration: 1; items left: 82; time: ( 0.1 s )
iteration: 2; items left: 49; time: ( 0.1 s )
iteration: 3; items left: 33; time: ( 0.1 s )
iteration: 4; items left: 26; time: ( 0.1 s )
iteration: 5; items left: 24; time: ( 0.1 s )
iteration: 6; items left: 22; time: ( 0.1 s )
iteration: 7; items left: 15; time: ( 0.1 s )
iteration: 8; items left: 13; time: ( 0.1 s )
iteration: 9; items left: 12; time: ( 0.1 s )
iteration: 10; items left: 10; time: ( 0.1 s )
iteration: 11; items left: 7; time: ( 0.1 s )
iteration: 12; items left: 6; time: ( 0.1 s )
iteration: 13; items left: 5; time: ( 0.1 s )
iteration: 14; items left: 3; time: ( 0.1 s )
iteration: 15; items left: 3; time: ( 0.1 s )
iteration: 16; items left: 2; time: ( 0.1 s )
iteration: 17; items left: 2; time: ( 0.1 s )
iteration: 18; items left: 1; time: ( 0.1 s )
iteration: 19; items left: 1; time: ( 0.1 s )
redundant: 0; insertions 503
All coefficients will be normalized

Equations out of bounds rmax and smax: 31
Equations in the bounds rmax and smax: 1363
( 0.3 s )

Write the triangular system to ./tmp/ on hard disk
(--> ./tmp/A4/VERconfig, ./tmp/A4/VER###) 

Triangular form completed after ( 0.3 s )
closeCalc: 4874
Algebraic reconstruction is switched off.

***** Run the back substitution ***********************

Load all files from ./tmp/
Take 1299 equations to reduce 962 missing equations

Back substitution: 


Equations reduced: 0 / 1299
Kira committed results ( 0.0 s )


Equations reduced: 1 / 1299
Kira committed results ( 0.0 s )


Equations reduced: 1 / 1299
Kira committed results ( 0.0 s )


Equations reduced: 81 / 1299
Kira committed results ( 0.0 s )


Equations reduced: 380 / 1299
Kira committed results ( 0.2 s )


Equations reduced: 417 / 1299
Kira committed results ( 0.2 s )


Equations reduced: 747 / 1299
Kira committed results ( 0.4 s )


Equations reduced: 760 / 1299
Kira committed results ( 0.4 s )


Equations reduced: 778 / 1299
Kira committed results ( 0.4 s )


Equations reduced: 870 / 1299
Kira committed results ( 0.5 s )


Equations reduced: 881 / 1299
Kira committed results ( 0.5 s )


Equations reduced: 1089 / 1299
Kira committed results ( 0.5 s )


Equations reduced: 1175 / 1299
Kira committed results ( 0.6 s )


Equations reduced: 1191 / 1299
Kira committed results ( 0.6 s )


Equations reduced: 1192 / 1299
Kira committed results ( 0.6 s )


Equations reduced: 1254 / 1299
Kira committed results ( 0.6 s )


Equations reduced: 1299 / 1299
Kira committed results ( 0.6 s )

1299 equations were reduced

*****Master integrals***********************************
A1[1,0,0,1] #  9
A2[0,0,1,0] #  4
A2[1,0,1,1] # 13
A4[0,1,1,0] #  6
A4[1,1,1,0] #  7
A4[1,1,1,1] # 15

Total number of master integrals: 6
( 0.6 s )
closeCalc: 4881

***********************************************************
Kira starts the reduction of the topology: A5
***********************************************************

***** Select equations recursively ************************
Select integrals for: topology: A5
 sectors: 15 rmax: 5 smax: 3

length of mandatory list: 965
Algebraic reconstruction is switched off.
471 independent coefficients
Number of master integrals: 8
A1[1,0,0,1] #  9
A2[0,0,1,0] #  4
A2[1,0,1,1] # 13
A5[0,0,1,0] #  4
A5[0,1,1,0] #  6
A5[1,1,1,0] #  7
A5[1,0,1,1] # 13
A5[1,1,1,1] # 15
Regenerate:

Number of selected equations to reduce: 1229 equations
( 0.1 s )
closeCalc: 4922
Algebraic reconstruction is switched off.

***** Select equations recursively ************************
Select integrals for: topology: A5
 sectors: 15 rmax: 5 smax: 3

length of mandatory list: 965

***** Bring system in triangular form *********************

Iterate the system until it is in triangular form: 
iteration: 0; items left: 129; time: ( 0.0 s )
iteration: 1; items left: 96; time: ( 0.0 s )
iteration: 2; items left: 61; time: ( 0.1 s )
iteration: 3; items left: 40; time: ( 0.1 s )
iteration: 4; items left: 32; time: ( 0.1 s )
iteration: 5; items left: 31; time: ( 0.1 s )
iteration: 6; items left: 25; time: ( 0.1 s )
iteration: 7; items left: 19; time: ( 0.1 s )
iteration: 8; items left: 15; time: ( 0.1 s )
iteration: 9; items left: 13; time: ( 0.1 s )
iteration: 10; items left: 11; time: ( 0.1 s )
iteration: 11; items left: 9; time: ( 0.1 s )
iteration: 12; items left: 7; time: ( 0.1 s )
iteration: 13; items left: 7; time: ( 0.1 s )
iteration: 14; items left: 5; time: ( 0.1 s )
iteration: 15; items left: 5; time: ( 0.1 s )
iteration: 16; items left: 5; time: ( 0.1 s )
iteration: 17; items left: 4; time: ( 0.1 s )
iteration: 18; items left: 3; time: ( 0.1 s )
iteration: 19; items left: 2; time: ( 0.1 s )
iteration: 20; items left: 1; time: ( 0.1 s )
iteration: 21; items left: 1; time: ( 0.1 s )
iteration: 22; items left: 1; time: ( 0.1 s )
redundant: 0; insertions 615
All coefficients will be normalized

Equations out of bounds rmax and smax: 43
Equations in the bounds rmax and smax: 1186
( 0.3 s )

Write the triangular system to ./tmp/ on hard disk
(--> ./tmp/A5/VERconfig, ./tmp/A5/VER###) 

Triangular form completed after ( 0.3 s )
closeCalc: 4926
Algebraic reconstruction is switched off.

***** Run the back substitution ***********************

Load all files from ./tmp/
Take 1177 equations to reduce 960 missing equations

Back substitution: 


Equations reduced: 0 / 1177
Kira committed results ( 0.0 s )


Equations reduced: 0 / 1177
Kira committed results ( 0.0 s )


Equations reduced: 0 / 1177
Kira committed results ( 0.0 s )


Equations reduced: 1 / 1177
Kira committed results ( 0.1 s )


Equations reduced: 348 / 1177
Kira committed results ( 0.5 s )


Equations reduced: 598 / 1177
Kira committed results ( 0.8 s )


Equations reduced: 656 / 1177
Kira committed results ( 0.9 s )


Equations reduced: 703 / 1177
Kira committed results ( 0.9 s )


Equations reduced: 739 / 1177
Kira committed results ( 1.0 s )


Equations reduced: 770 / 1177
Kira committed results ( 1.0 s )


Equations reduced: 797 / 1177
Kira committed results ( 1.0 s )


Equations reduced: 840 / 1177
Kira committed results ( 1.1 s )


Equations reduced: 1105 / 1177
Kira committed results ( 1.3 s )


Equations reduced: 1111 / 1177
Kira committed results ( 1.3 s )


Equations reduced: 1123 / 1177
Kira committed results ( 1.3 s )


Equations reduced: 1134 / 1177
Kira committed results ( 1.3 s )


Equations reduced: 1177 / 1177
Kira committed results ( 1.3 s )

1177 equations were reduced

*****Master integrals***********************************
A1[1,0,0,1] #  9
A2[0,0,1,0] #  4
A2[1,0,1,1] # 13
A5[0,0,1,0] #  4
A5[0,1,1,0] #  6
A5[1,1,1,0] #  7
A5[1,0,1,1] # 13
A5[1,1,1,1] # 15

Total number of master integrals: 8
( 1.3 s )
closeCalc: 4933

***********************************************************
Kira starts the reduction of the topology: B1
***********************************************************

***** Select equations recursively ************************
Select integrals for: topology: B1
 sectors: 15 rmax: 5 smax: 3

length of mandatory list: 365
Algebraic reconstruction is switched off.
489 independent coefficients
Number of master integrals: 3
A1[0,1,1,0] #  6
B1[1,0,0,1] #  9
B1[1,1,1,1] # 15
Regenerate:

Number of selected equations to reduce: 506 equations
( 0.0 s )
closeCalc: 4974
Algebraic reconstruction is switched off.

***** Select equations recursively ************************
Select integrals for: topology: B1
 sectors: 15 rmax: 5 smax: 3

length of mandatory list: 365

***** Bring system in triangular form *********************

Iterate the system until it is in triangular form: 
iteration: 0; items left: 33; time: ( 0.0 s )
iteration: 1; items left: 16; time: ( 0.0 s )
iteration: 2; items left: 7; time: ( 0.0 s )
iteration: 3; items left: 6; time: ( 0.0 s )
iteration: 4; items left: 5; time: ( 0.0 s )
iteration: 5; items left: 3; time: ( 0.0 s )
iteration: 6; items left: 3; time: ( 0.0 s )
iteration: 7; items left: 2; time: ( 0.0 s )
redundant: 0; insertions 95
All coefficients will be normalized

Equations out of bounds rmax and smax: 4
Equations in the bounds rmax and smax: 502
( 0.1 s )

Write the triangular system to ./tmp/ on hard disk
(--> ./tmp/B1/VERconfig, ./tmp/B1/VER###) 

Triangular form completed after ( 0.1 s )
closeCalc: 4978
Algebraic reconstruction is switched off.

***** Run the back substitution ***********************

Load all files from ./tmp/
Take 502 equations to reduce 363 missing equations

Back substitution: 


Equations reduced: 0 / 502
Kira committed results ( 0.0 s )


Equations reduced: 150 / 502
Kira committed results ( 0.1 s )


Equations reduced: 169 / 502
Kira committed results ( 0.1 s )


Equations reduced: 296 / 502
Kira committed results ( 0.1 s )


Equations reduced: 319 / 502
Kira committed results ( 0.1 s )


Equations reduced: 329 / 502
Kira committed results ( 0.1 s )


Equations reduced: 498 / 502
Kira committed results ( 0.2 s )


Equations reduced: 502 / 502
Kira committed results ( 0.2 s )

502 equations were reduced

*****Master integrals***********************************
A1[0,1,1,0] #  6
B1[1,0,0,1] #  9
B1[1,1,1,1] # 15

Total number of master integrals: 3
( 0.2 s )
closeCalc: 4985

***********************************************************
Kira starts the reduction of the topology: B2
***********************************************************

***** Select equations recursively ************************
Select integrals for: topology: B2
 sectors: 15 rmax: 5 smax: 3

length of mandatory list: 665
Algebraic reconstruction is switched off.
515 independent coefficients
Number of master integrals: 5
A2[0,0,1,0] #  4
A2[0,1,1,0] #  6
B1[1,0,0,1] #  9
B2[1,0,1,1] # 13
B2[1,1,1,1] # 15
Regenerate:

Number of selected equations to reduce: 1169 equations
( 0.1 s )
closeCalc: 5010
Algebraic reconstruction is switched off.

***** Select equations recursively ************************
Select integrals for: topology: B2
 sectors: 15 rmax: 5 smax: 3

length of mandatory list: 665

***** Bring system in triangular form *********************

Iterate the system until it is in triangular form: 
iteration: 0; items left: 89; time: ( 0.0 s )
iteration: 1; items left: 53; time: ( 0.1 s )
iteration: 2; items left: 35; time: ( 0.1 s )
iteration: 3; items left: 22; time: ( 0.1 s )
iteration: 4; items left: 15; time: ( 0.1 s )
iteration: 5; items left: 10; time: ( 0.1 s )
iteration: 6; items left: 9; time: ( 0.1 s )
iteration: 7; items left: 6; time: ( 0.1 s )
iteration: 8; items left: 5; time: ( 0.1 s )
iteration: 9; items left: 5; time: ( 0.1 s )
iteration: 10; items left: 4; time: ( 0.1 s )
iteration: 11; items left: 3; time: ( 0.1 s )
iteration: 12; items left: 2; time: ( 0.1 s )
iteration: 13; items left: 1; time: ( 0.2 s )
redundant: 0; insertions 325
All coefficients will be normalized

Equations out of bounds rmax and smax: 29
Equations in the bounds rmax and smax: 1140
( 0.3 s )

Write the triangular system to ./tmp/ on hard disk
(--> ./tmp/B2/VERconfig, ./tmp/B2/VER###) 

Triangular form completed after ( 0.3 s )
closeCalc: 5014
Algebraic reconstruction is switched off.

***** Run the back substitution ***********************

Load all files from ./tmp/
Take 1140 equations to reduce 663 missing equations

Back substitution: 


Equations reduced: 2 / 1140
Kira committed results ( 0.0 s )


Equations reduced: 41 / 1140
Kira committed results ( 0.1 s )


Equations reduced: 44 / 1140
Kira committed results ( 0.1 s )


Equations reduced: 85 / 1140
Kira committed results ( 0.1 s )


Equations reduced: 99 / 1140
Kira committed results ( 0.1 s )


Equations reduced: 396 / 1140
Kira committed results ( 0.2 s )


Equations reduced: 488 / 1140
Kira committed results ( 0.2 s )


Equations reduced: 498 / 1140
Kira committed results ( 0.2 s )


Equations reduced: 538 / 1140
Kira committed results ( 0.2 s )


Equations reduced: 753 / 1140
Kira committed results ( 0.4 s )


Equations reduced: 797 / 1140
Kira committed results ( 0.4 s )


Equations reduced: 1070 / 1140
Kira committed results ( 0.5 s )


Equations reduced: 1125 / 1140
Kira committed results ( 0.5 s )


Equations reduced: 1140 / 1140
Kira committed results ( 0.5 s )

1140 equations were reduced

*****Master integrals***********************************
A2[0,0,1,0] #  4
A2[0,1,1,0] #  6
B1[1,0,0,1] #  9
B2[1,0,1,1] # 13
B2[1,1,1,1] # 15

Total number of master integrals: 5
( 0.5 s )
closeCalc: 5021

***********************************************************
Kira starts the reduction of the topology: B3
***********************************************************

***** Select equations recursively ************************
Select integrals for: topology: B3
 sectors: 15 rmax: 5 smax: 3

length of mandatory list: 665
Algebraic reconstruction is switched off.
575 independent coefficients
Number of master integrals: 5
A2[0,0,1,0] #  4
A2[0,1,1,0] #  6
B1[1,0,0,1] #  9
B2[1,0,1,1] # 13
B2[1,1,1,1] # 15
Regenerate:

Number of selected equations to reduce: 1048 equations
( 0.1 s )
closeCalc: 5060
Algebraic reconstruction is switched off.

***** Select equations recursively ************************
Select integrals for: topology: B3
 sectors: 15 rmax: 5 smax: 3

length of mandatory list: 665

***** Bring system in triangular form *********************

Iterate the system until it is in triangular form: 
iteration: 0; items left: 92; time: ( 0.0 s )
iteration: 1; items left: 54; time: ( 0.0 s )
iteration: 2; items left: 36; time: ( 0.0 s )
iteration: 3; items left: 24; time: ( 0.0 s )
iteration: 4; items left: 18; time: ( 0.1 s )
iteration: 5; items left: 13; time: ( 0.1 s )
iteration: 6; items left: 11; time: ( 0.1 s )
iteration: 7; items left: 8; time: ( 0.1 s )
iteration: 8; items left: 7; time: ( 0.1 s )
iteration: 9; items left: 5; time: ( 0.1 s )
iteration: 10; items left: 4; time: ( 0.1 s )
iteration: 11; items left: 2; time: ( 0.1 s )
iteration: 12; items left: 2; time: ( 0.1 s )
iteration: 13; items left: 2; time: ( 0.1 s )
iteration: 14; items left: 1; time: ( 0.1 s )
iteration: 15; items left: 1; time: ( 0.1 s )
iteration: 16; items left: 1; time: ( 0.1 s )
iteration: 17; items left: 1; time: ( 0.1 s )
redundant: 0; insertions 340
All coefficients will be normalized

Equations out of bounds rmax and smax: 29
Equations in the bounds rmax and smax: 1019
( 0.2 s )

Write the triangular system to ./tmp/ on hard disk
(--> ./tmp/B3/VERconfig, ./tmp/B3/VER###) 

Triangular form completed after ( 0.2 s )
closeCalc: 5064
Algebraic reconstruction is switched off.

***** Run the back substitution ***********************

Load all files from ./tmp/
Take 1005 equations to reduce 665 missing equations

Back substitution: 


Equations reduced: 0 / 1005
Kira committed results ( 0.0 s )


Equations reduced: 0 / 1005
Kira committed results ( 0.0 s )


Equations reduced: 0 / 1005
Kira committed results ( 0.0 s )


Equations reduced: 0 / 1005
Kira committed results ( 0.0 s )


Equations reduced: 0 / 1005
Kira committed results ( 0.0 s )


Equations reduced: 0 / 1005
Kira committed results ( 0.0 s )


Equations reduced: 60 / 1005
Kira committed results ( 0.1 s )


Equations reduced: 371 / 1005
Kira committed results ( 0.2 s )


Equations reduced: 551 / 1005
Kira committed results ( 0.3 s )


Equations reduced: 636 / 1005
Kira committed results ( 0.3 s )


Equations reduced: 721 / 1005
Kira committed results ( 0.4 s )


Equations reduced: 775 / 1005
Kira committed results ( 0.4 s )


Equations reduced: 877 / 1005
Kira committed results ( 0.4 s )


Equations reduced: 883 / 1005
Kira committed results ( 0.4 s )


Equations reduced: 941 / 1005
Kira committed results ( 0.4 s )


Equations reduced: 1005 / 1005
Kira committed results ( 0.4 s )

1005 equations were reduced

*****Master integrals***********************************
A2[0,0,1,0] #  4
A2[0,1,1,0] #  6
B1[1,0,0,1] #  9
B2[1,0,1,1] # 13
B2[1,1,1,1] # 15

Total number of master integrals: 5
( 0.4 s )
closeCalc: 5071

***********************************************************
Kira starts the reduction of the topology: B5
***********************************************************

***** Select equations recursively ************************
Select integrals for: topology: B5
 sectors: 15 rmax: 5 smax: 3

length of mandatory list: 965
Algebraic reconstruction is switched off.
655 independent coefficients
Number of master integrals: 8
A2[0,0,1,0] #  4
A5[0,0,1,0] #  4
A5[0,1,1,0] #  6
A5[1,1,1,0] #  7
B1[1,0,0,1] #  9
B2[1,0,1,1] # 13
B5[1,0,1,1] # 13
B5[1,1,1,1] # 15
Regenerate:

Number of selected equations to reduce: 1670 equations
( 0.2 s )
closeCalc: 5114
Algebraic reconstruction is switched off.

***** Select equations recursively ************************
Select integrals for: topology: B5
 sectors: 15 rmax: 5 smax: 3

length of mandatory list: 965

***** Bring system in triangular form *********************

Iterate the system until it is in triangular form: 
iteration: 0; items left: 135; time: ( 0.1 s )
iteration: 1; items left: 91; time: ( 0.1 s )
iteration: 2; items left: 60; time: ( 0.1 s )
iteration: 3; items left: 41; time: ( 0.1 s )
iteration: 4; items left: 32; time: ( 0.2 s )
iteration: 5; items left: 31; time: ( 0.2 s )
iteration: 6; items left: 25; time: ( 0.2 s )
iteration: 7; items left: 19; time: ( 0.2 s )
iteration: 8; items left: 15; time: ( 0.2 s )
iteration: 9; items left: 13; time: ( 0.2 s )
iteration: 10; items left: 11; time: ( 0.2 s )
iteration: 11; items left: 9; time: ( 0.2 s )
iteration: 12; items left: 7; time: ( 0.2 s )
iteration: 13; items left: 7; time: ( 0.2 s )
iteration: 14; items left: 5; time: ( 0.2 s )
iteration: 15; items left: 5; time: ( 0.2 s )
iteration: 16; items left: 5; time: ( 0.2 s )
iteration: 17; items left: 4; time: ( 0.2 s )
iteration: 18; items left: 3; time: ( 0.2 s )
iteration: 19; items left: 2; time: ( 0.2 s )
iteration: 20; items left: 1; time: ( 0.2 s )
iteration: 21; items left: 1; time: ( 0.2 s )
iteration: 22; items left: 1; time: ( 0.2 s )
redundant: 0; insertions 620
All coefficients will be normalized

Equations out of bounds rmax and smax: 46
Equations in the bounds rmax and smax: 1624
( 0.4 s )

Write the triangular system to ./tmp/ on hard disk
(--> ./tmp/B5/VERconfig, ./tmp/B5/VER###) 

Triangular form completed after ( 0.5 s )
closeCalc: 5118
Algebraic reconstruction is switched off.

***** Run the back substitution ***********************

Load all files from ./tmp/
Take 1593 equations to reduce 963 missing equations

Back substitution: 


Equations reduced: 0 / 1593
Kira committed results ( 0.0 s )


Equations reduced: 0 / 1593
Kira committed results ( 0.0 s )


Equations reduced: 0 / 1593
Kira committed results ( 0.0 s )


Equations reduced: 0 / 1593
Kira committed results ( 0.0 s )


Equations reduced: 3 / 1593
Kira committed results ( 0.0 s )


Equations reduced: 3 / 1593
Kira committed results ( 0.0 s )


Equations reduced: 3 / 1593
Kira committed results ( 0.0 s )


Equations reduced: 3 / 1593
Kira committed results ( 0.0 s )


Equations reduced: 8 / 1593
Kira committed results ( 0.1 s )


Equations reduced: 16 / 1593
Kira committed results ( 0.1 s )


Equations reduced: 388 / 1593
Kira committed results ( 0.5 s )


Equations reduced: 642 / 1593
Kira committed results ( 0.8 s )


Equations reduced: 907 / 1593
Kira committed results ( 1.1 s )


Equations reduced: 961 / 1593
Kira committed results ( 1.2 s )


Equations reduced: 1126 / 1593
Kira committed results ( 1.3 s )


Equations reduced: 1195 / 1593
Kira committed results ( 1.3 s )


Equations reduced: 1206 / 1593
Kira committed results ( 1.3 s )


Equations reduced: 1301 / 1593
Kira committed results ( 1.4 s )


Equations reduced: 1393 / 1593
Kira committed results ( 1.4 s )


Equations reduced: 1416 / 1593
Kira committed results ( 1.4 s )


Equations reduced: 1488 / 1593
Kira committed results ( 1.5 s )


Equations reduced: 1584 / 1593
Kira committed results ( 1.5 s )


Equations reduced: 1593 / 1593
Kira committed results ( 1.5 s )

1593 equations were reduced

*****Master integrals***********************************
A2[0,0,1,0] #  4
A5[0,0,1,0] #  4
A5[0,1,1,0] #  6
A5[1,1,1,0] #  7
B1[1,0,0,1] #  9
B2[1,0,1,1] # 13
B5[1,0,1,1] # 13
B5[1,1,1,1] # 15

Total number of master integrals: 8
( 1.5 s )
closeCalc: 5125

***********************************************************
Kira starts the reduction of the topology: B4
***********************************************************

***** Select equations recursively ************************
Select integrals for: topology: B4
 sectors: 15 rmax: 5 smax: 3

length of mandatory list: 965
Algebraic reconstruction is switched off.
695 independent coefficients
Number of master integrals: 6
A2[0,0,1,0] #  4
A4[0,1,1,0] #  6
A4[1,1,1,0] #  7
B1[1,0,0,1] #  9
B2[1,0,1,1] # 13
B4[1,1,1,1] # 15
Regenerate:

Number of selected equations to reduce: 1735 equations
( 0.2 s )
closeCalc: 5178
Algebraic reconstruction is switched off.

***** Select equations recursively ************************
Select integrals for: topology: B4
 sectors: 15 rmax: 5 smax: 3

length of mandatory list: 965

***** Bring system in triangular form *********************

Iterate the system until it is in triangular form: 
iteration: 0; items left: 116; time: ( 0.0 s )
iteration: 1; items left: 78; time: ( 0.0 s )
iteration: 2; items left: 49; time: ( 0.1 s )
iteration: 3; items left: 35; time: ( 0.1 s )
iteration: 4; items left: 25; time: ( 0.1 s )
iteration: 5; items left: 23; time: ( 0.1 s )
iteration: 6; items left: 21; time: ( 0.1 s )
iteration: 7; items left: 15; time: ( 0.1 s )
iteration: 8; items left: 13; time: ( 0.1 s )
iteration: 9; items left: 12; time: ( 0.1 s )
iteration: 10; items left: 11; time: ( 0.1 s )
iteration: 11; items left: 8; time: ( 0.1 s )
iteration: 12; items left: 7; time: ( 0.1 s )
iteration: 13; items left: 6; time: ( 0.1 s )
iteration: 14; items left: 3; time: ( 0.1 s )
iteration: 15; items left: 3; time: ( 0.1 s )
iteration: 16; items left: 2; time: ( 0.1 s )
iteration: 17; items left: 2; time: ( 0.1 s )
iteration: 18; items left: 1; time: ( 0.1 s )
iteration: 19; items left: 1; time: ( 0.1 s )
redundant: 0; insertions 508
All coefficients will be normalized

Equations out of bounds rmax and smax: 35
Equations in the bounds rmax and smax: 1700
( 0.3 s )

Write the triangular system to ./tmp/ on hard disk
(--> ./tmp/B4/VERconfig, ./tmp/B4/VER###) 

Triangular form completed after ( 0.4 s )
closeCalc: 5182
Algebraic reconstruction is switched off.

***** Run the back substitution ***********************

Load all files from ./tmp/
Take 1591 equations to reduce 964 missing equations

Back substitution: 


Equations reduced: 0 / 1591
Kira committed results ( 0.0 s )


Equations reduced: 0 / 1591
Kira committed results ( 0.0 s )


Equations reduced: 3 / 1591
Kira committed results ( 0.0 s )


Equations reduced: 3 / 1591
Kira committed results ( 0.0 s )


Equations reduced: 3 / 1591
Kira committed results ( 0.0 s )


Equations reduced: 5 / 1591
Kira committed results ( 0.0 s )


Equations reduced: 5 / 1591
Kira committed results ( 0.0 s )


Equations reduced: 55 / 1591
Kira committed results ( 0.1 s )


Equations reduced: 475 / 1591
Kira committed results ( 0.2 s )


Equations reduced: 550 / 1591
Kira committed results ( 0.3 s )


Equations reduced: 669 / 1591
Kira committed results ( 0.3 s )


Equations reduced: 913 / 1591
Kira committed results ( 0.4 s )


Equations reduced: 1056 / 1591
Kira committed results ( 0.5 s )


Equations reduced: 1078 / 1591
Kira committed results ( 0.5 s )


Equations reduced: 1234 / 1591
Kira committed results ( 0.5 s )


Equations reduced: 1378 / 1591
Kira committed results ( 0.5 s )


Equations reduced: 1425 / 1591
Kira committed results ( 0.5 s )


Equations reduced: 1451 / 1591
Kira committed results ( 0.6 s )


Equations reduced: 1474 / 1591
Kira committed results ( 0.6 s )


Equations reduced: 1542 / 1591
Kira committed results ( 0.6 s )


Equations reduced: 1591 / 1591
Kira committed results ( 0.6 s )

1591 equations were reduced

*****Master integrals***********************************
A2[0,0,1,0] #  4
A4[0,1,1,0] #  6
A4[1,1,1,0] #  7
B1[1,0,0,1] #  9
B2[1,0,1,1] # 13
B4[1,1,1,1] # 15

Total number of master integrals: 6
( 0.6 s )
closeCalc: 5189

***********************************************************
Kira starts the reduction of the topology: A6
***********************************************************

***** Select equations recursively ************************
Select integrals for: topology: A6
 sectors: 15 rmax: 5 smax: 3

length of mandatory list: 665
Algebraic reconstruction is switched off.
778 independent coefficients
Number of master integrals: 5
A1[0,1,1,0] #  6
A2[0,0,1,0] #  4
A6[1,0,0,1] #  9
A6[0,1,1,1] # 14
A6[1,1,1,1] # 15
Regenerate:

Number of selected equations to reduce: 939 equations
( 0.1 s )
closeCalc: 5242
Algebraic reconstruction is switched off.

***** Select equations recursively ************************
Select integrals for: topology: A6
 sectors: 15 rmax: 5 smax: 3

length of mandatory list: 665

***** Bring system in triangular form *********************

Iterate the system until it is in triangular form: 
iteration: 0; items left: 96; time: ( 0.0 s )
iteration: 1; items left: 45; time: ( 0.1 s )
iteration: 2; items left: 31; time: ( 0.1 s )
iteration: 3; items left: 19; time: ( 0.1 s )
iteration: 4; items left: 16; time: ( 0.1 s )
iteration: 5; items left: 9; time: ( 0.1 s )
iteration: 6; items left: 8; time: ( 0.1 s )
iteration: 7; items left: 7; time: ( 0.1 s )
iteration: 8; items left: 5; time: ( 0.1 s )
iteration: 9; items left: 4; time: ( 0.1 s )
iteration: 10; items left: 1; time: ( 0.1 s )
iteration: 11; items left: 1; time: ( 0.1 s )
iteration: 12; items left: 1; time: ( 0.1 s )
iteration: 13; items left: 1; time: ( 0.1 s )
iteration: 14; items left: 1; time: ( 0.1 s )
iteration: 15; items left: 1; time: ( 0.1 s )
iteration: 16; items left: 1; time: ( 0.1 s )
redundant: 0; insertions 294
All coefficients will be normalized

Equations out of bounds rmax and smax: 29
Equations in the bounds rmax and smax: 910
( 0.3 s )

Write the triangular system to ./tmp/ on hard disk
(--> ./tmp/A6/VERconfig, ./tmp/A6/VER###) 

Triangular form completed after ( 0.3 s )
closeCalc: 5246
Algebraic reconstruction is switched off.

***** Run the back substitution ***********************

Load all files from ./tmp/
Take 910 equations to reduce 662 missing equations

Back substitution: 


Equations reduced: 18 / 910
Kira committed results ( 0.0 s )


Equations reduced: 64 / 910
Kira committed results ( 0.0 s )


Equations reduced: 89 / 910
Kira committed results ( 0.1 s )


Equations reduced: 177 / 910
Kira committed results ( 0.1 s )


Equations reduced: 432 / 910
Kira committed results ( 0.3 s )


Equations reduced: 487 / 910
Kira committed results ( 0.3 s )


Equations reduced: 665 / 910
Kira committed results ( 0.4 s )


Equations reduced: 677 / 910
Kira committed results ( 0.4 s )


Equations reduced: 688 / 910
Kira committed results ( 0.4 s )


Equations reduced: 729 / 910
Kira committed results ( 0.5 s )


Equations reduced: 827 / 910
Kira committed results ( 0.5 s )


Equations reduced: 881 / 910
Kira committed results ( 0.5 s )


Equations reduced: 910 / 910
Kira committed results ( 0.5 s )

910 equations were reduced

*****Master integrals***********************************
A1[0,1,1,0] #  6
A2[0,0,1,0] #  4
A6[1,0,0,1] #  9
A6[0,1,1,1] # 14
A6[1,1,1,1] # 15

Total number of master integrals: 5
( 0.6 s )
closeCalc: 5253

***********************************************************
Kira starts the reduction of the topology: A7
***********************************************************

***** Select equations recursively ************************
Select integrals for: topology: A7
 sectors: 15 rmax: 5 smax: 3

length of mandatory list: 665
Algebraic reconstruction is switched off.
824 independent coefficients
Number of master integrals: 5
A1[0,1,1,0] #  6
A2[0,0,1,0] #  4
A6[1,0,0,1] #  9
A6[0,1,1,1] # 14
A6[1,1,1,1] # 15
Regenerate:

Number of selected equations to reduce: 1198 equations
( 0.1 s )
closeCalc: 5288
Algebraic reconstruction is switched off.

***** Select equations recursively ************************
Select integrals for: topology: A7
 sectors: 15 rmax: 5 smax: 3

length of mandatory list: 665

***** Bring system in triangular form *********************

Iterate the system until it is in triangular form: 
iteration: 0; items left: 80; time: ( 0.1 s )
iteration: 1; items left: 47; time: ( 0.1 s )
iteration: 2; items left: 28; time: ( 0.1 s )
iteration: 3; items left: 16; time: ( 0.1 s )
iteration: 4; items left: 9; time: ( 0.1 s )
iteration: 5; items left: 6; time: ( 0.1 s )
iteration: 6; items left: 5; time: ( 0.1 s )
iteration: 7; items left: 3; time: ( 0.1 s )
iteration: 8; items left: 1; time: ( 0.1 s )
iteration: 9; items left: 1; time: ( 0.1 s )
redundant: 0; insertions 238
All coefficients will be normalized

Equations out of bounds rmax and smax: 19
Equations in the bounds rmax and smax: 1179
( 0.3 s )

Write the triangular system to ./tmp/ on hard disk
(--> ./tmp/A7/VERconfig, ./tmp/A7/VER###) 

Triangular form completed after ( 0.3 s )
closeCalc: 5292
Algebraic reconstruction is switched off.

***** Run the back substitution ***********************

Load all files from ./tmp/
Take 1135 equations to reduce 665 missing equations

Back substitution: 


Equations reduced: 0 / 1135
Kira committed results ( 0.0 s )


Equations reduced: 0 / 1135
Kira committed results ( 0.0 s )


Equations reduced: 0 / 1135
Kira committed results ( 0.0 s )


Equations reduced: 0 / 1135
Kira committed results ( 0.0 s )


Equations reduced: 0 / 1135
Kira committed results ( 0.1 s )


Equations reduced: 4 / 1135
Kira committed results ( 0.1 s )


Equations reduced: 4 / 1135
Kira committed results ( 0.1 s )


Equations reduced: 4 / 1135
Kira committed results ( 0.1 s )


Equations reduced: 17 / 1135
Kira committed results ( 0.1 s )


Equations reduced: 62 / 1135
Kira committed results ( 0.2 s )


Equations reduced: 534 / 1135
Kira committed results ( 0.4 s )


Equations reduced: 561 / 1135
Kira committed results ( 0.4 s )


Equations reduced: 606 / 1135
Kira committed results ( 0.4 s )


Equations reduced: 711 / 1135
Kira committed results ( 0.5 s )


Equations reduced: 996 / 1135
Kira committed results ( 0.6 s )


Equations reduced: 1026 / 1135
Kira committed results ( 0.6 s )


Equations reduced: 1062 / 1135
Kira committed results ( 0.7 s )


Equations reduced: 1135 / 1135
Kira committed results ( 0.7 s )

1135 equations were reduced

*****Master integrals***********************************
A1[0,1,1,0] #  6
A2[0,0,1,0] #  4
A6[1,0,0,1] #  9
A6[0,1,1,1] # 14
A6[1,1,1,1] # 15

Total number of master integrals: 5
( 0.7 s )
closeCalc: 5299
Total time:
( 18.7 s )
