The user defined environment variable FERMATPATH for Fermat is set:
./packages/Fermat/ferl6/fer64
One variable is set to 1: {}
The input directory is set to:
./results

*****Integral ordering*************************************
Kira will use the integral ordering: 2.
symbol_to_replace_by_one: x in kinematics.yaml is not set. 
Mass reconstruction is disabled.
################################################
kira2math: Reconstruct results
################################################

Algebraic reconstruction is switched off.
This requested integral is a master integral: B1[0,0,1,1,1,0,0,0,0] # 28
This requested integral is a master integral: B1[0,1,1,1,0,1,0,0,0] # 46
This requested integral is a master integral: B1[1,1,0,1,1,0,0,0,0] # 27
This integral is unreduced: B2[1,1,0,0,1,0,0,0,0] # 19
This integral is unreduced: B2[1,0,1,1,1,0,0,0,0] # 29
This integral is unreduced: B2[1,1,0,1,0,0,0,0,0] # 11
This integral is unreduced: B2[1,1,0,1,1,0,0,0,0] # 27
This integral is unreduced: B2[1,1,0,1,2,0,0,0,0] # 27
This integral is unreduced: B2[1,1,1,1,1,0,0,0,0] # 31
This integral is unreduced: B2[1,1,1,1,0,1,0,0,0] # 47
This integral is unreduced: B3[0,0,1,1,1,0,0,0,0] # 28
This integral is unreduced: B3[0,0,1,1,2,0,0,0,0] # 28
This integral is unreduced: B3[0,1,1,1,1,1,0,0,0] # 62
This integral is unreduced: B3[1,1,1,1,1,0,0,0,0] # 31
This integral is unreduced: B4[1,0,0,0,1,0,0,0,0] # 17
This integral is unreduced: B4[1,0,1,1,1,0,0,0,0] # 29
This integral is unreduced: B4[1,0,1,1,2,0,0,0,0] # 29
This integral is unreduced: B4[1,0,1,0,1,1,0,0,0] # 53
This integral is unreduced: B4[1,1,0,1,1,0,0,0,0] # 27
This integral is unreduced: B4[1,1,0,1,2,0,0,0,0] # 27
This integral is unreduced: B4[1,1,1,1,1,0,0,0,0] # 31
This integral is unreduced: B4[1,1,1,1,1,1,0,0,0] # 63
This integral is unreduced: B4[1,0,0,0,1,0,0,0,0] # 17
This integral is unreduced: B4[1,0,1,1,1,0,0,0,0] # 29
This integral is unreduced: B4[1,0,1,1,2,0,0,0,0] # 29
This integral is unreduced: B4[1,0,1,0,1,1,0,0,0] # 53
This integral is unreduced: B4[1,1,0,1,1,0,0,0,0] # 27
This integral is unreduced: B4[1,1,0,1,2,0,0,0,0] # 27
This integral is unreduced: B4[1,1,1,1,1,0,0,0,0] # 31
This integral is unreduced: B4[1,1,1,1,1,1,0,0,0] # 63
This integral is unreduced: B6[0,0,1,1,1,0,0,0,0] # 28
This integral is unreduced: B6[0,0,1,1,2,0,0,0,0] # 28
This integral is unreduced: B6[0,1,0,1,1,0,0,0,0] # 26
This integral is unreduced: B6[0,1,1,1,1,1,0,0,0] # 62
This integral is unreduced: B6[1,1,0,1,1,0,0,0,0] # 27
This integral is unreduced: B6[1,1,0,1,2,0,0,0,0] # 27
This integral is unreduced: B6[1,1,0,2,1,0,0,0,0] # 27
This integral is unreduced: B10[0,0,0,1,1,1,0,0,0] # 56
This integral is unreduced: B10[0,0,1,1,1,1,0,0,0] # 60
This integral is unreduced: B10[0,1,0,0,1,1,0,0,0] # 50
This integral is unreduced: B10[0,1,0,0,1,2,0,0,0] # 50
This integral is unreduced: B10[0,1,0,0,2,1,0,0,0] # 50
This integral is unreduced: B10[0,1,1,0,0,1,0,0,0] # 38
This integral is unreduced: B10[0,1,0,1,1,1,0,0,0] # 58
This integral is unreduced: B10[0,1,1,1,0,1,0,0,0] # 46
This integral is unreduced: B10[0,1,1,1,1,1,0,0,0] # 62
This integral is unreduced: B10[1,1,0,0,1,1,0,0,0] # 51
This integral is unreduced: B10[1,1,0,1,1,1,0,0,0] # 59
This integral is unreduced: B10[1,1,0,1,1,2,0,0,0] # 59
This integral is unreduced: B10[1,1,0,1,2,1,0,0,0] # 59
This integral is unreduced: B10[1,1,0,2,1,1,0,0,0] # 59
This integral is unreduced: B12[0,1,1,0,1,1,0,0,0] # 54
This integral is unreduced: B12[0,1,1,1,0,1,0,0,0] # 46
This integral is unreduced: B12[0,1,1,1,1,1,0,0,0] # 62
This integral is unreduced: B12[1,1,1,0,1,1,0,0,0] # 55
This integral is unreduced: B12[1,1,1,1,0,1,0,0,0] # 47
This integral is unreduced: B12[1,1,1,1,1,1,0,0,0] # 63
This integral is unreduced: B11[0,1,1,1,1,1,0,0,0] # 62
This integral is unreduced: B11[1,0,1,0,1,1,0,0,0] # 53
This integral is unreduced: B11[1,1,1,0,1,1,0,0,0] # 55
This integral is unreduced: B11[1,1,1,1,1,1,0,0,0] # 63
This integral is unreduced: B11[0,1,1,1,1,1,0,0,0] # 62
This integral is unreduced: B11[1,0,1,0,1,1,0,0,0] # 53
This integral is unreduced: B11[1,1,1,0,1,1,0,0,0] # 55
This integral is unreduced: B11[1,1,1,1,1,1,0,0,0] # 63
This integral is unreduced: B9[0,1,1,1,0,1,0,0,0] # 46
This integral is unreduced: B9[1,1,1,0,0,1,0,0,0] # 39
This integral is unreduced: B9[1,1,1,1,0,1,0,0,0] # 47
This integral is unreduced: B5[0,1,1,1,0,1,0,0,0] # 46
This integral is unreduced: B5[0,1,1,1,1,0,0,0,0] # 30
This integral is unreduced: B5[0,1,1,1,1,1,0,0,0] # 62
This integral is unreduced: B5[1,1,0,1,1,0,0,0,0] # 27
This integral is unreduced: B5[1,1,0,1,2,0,0,0,0] # 27
This integral is unreduced: B5[1,1,1,1,1,0,0,0,0] # 31
This integral is unreduced: B8[0,0,1,1,1,0,0,0,0] # 28
This integral is unreduced: B8[0,0,1,1,2,0,0,0,0] # 28
This integral is unreduced: B8[0,1,1,0,0,1,0,0,0] # 38
This integral is unreduced: B8[0,1,1,0,1,0,0,0,0] # 22
This integral is unreduced: B8[0,1,1,1,0,1,0,0,0] # 46
This integral is unreduced: B8[0,1,1,1,1,0,0,0,0] # 30
This integral is unreduced: B8[0,1,1,1,1,1,0,0,0] # 62
This integral is unreduced: B8[1,1,0,0,0,0,0,0,0] # 3
This integral is unreduced: B8[1,1,0,0,1,0,0,0,0] # 19
This integral is unreduced: B8[1,0,1,1,1,0,0,0,0] # 29
This integral is unreduced: B8[1,0,1,1,2,0,0,0,0] # 29
This integral is unreduced: B8[1,1,1,0,0,1,0,0,0] # 39
This integral is unreduced: B8[1,1,0,1,0,0,0,0,0] # 11
This integral is unreduced: B8[1,1,0,1,1,0,0,0,0] # 27
This integral is unreduced: B8[1,1,0,1,2,0,0,0,0] # 27
This integral is unreduced: B8[1,1,0,2,1,0,0,0,0] # 27
This integral is unreduced: B8[1,1,1,1,1,0,0,0,0] # 31
This integral is unreduced: B8[1,1,1,1,2,0,0,0,0] # 31
This integral is unreduced: B8[1,1,1,2,1,0,0,0,0] # 31
This integral is unreduced: B8[1,1,1,1,0,1,0,0,0] # 47
This integral is unreduced: B8[1,1,1,1,1,1,0,0,0] # 63
This integral is unreduced: B7[1,1,1,1,1,0,0,0,0] # 31
This integral is unreduced: B7[1,1,1,1,2,0,0,0,0] # 31
This integral is unreduced: B7[1,1,1,2,1,0,0,0,0] # 31
This integral is unreduced: B7[1,1,1,1,0,1,0,0,0] # 47
This integral is unreduced: B7[1,1,1,1,1,1,0,0,0] # 63
This integral is unreduced: C1[1,1,1,1,1,1,0,0,0] # 63
This integral is unreduced: C2[1,0,1,1,1,1,0,0,0] # 61
This integral is unreduced: C2[1,0,1,1,1,2,0,0,0] # 61
This integral is unreduced: C2[1,1,0,1,1,1,0,0,0] # 59
This integral is unreduced: C2[1,1,1,1,1,1,0,0,0] # 63
This integral is unreduced: C3[1,1,1,1,1,0,0,0,0] # 31
This integral is unreduced: C3[1,1,1,1,2,0,0,0,0] # 31
This integral is unreduced: C3[1,1,1,1,1,1,0,0,0] # 63
This integral is unreduced: C3[1,1,1,1,1,2,0,0,0] # 63
This integral is unreduced: C3[1,1,1,1,2,1,0,0,0] # 63
This integral is unreduced: C4[1,0,1,1,1,1,0,0,0] # 61
This integral is unreduced: C4[1,0,1,1,1,2,0,0,0] # 61
This integral is unreduced: C4[1,0,1,1,2,1,0,0,0] # 61
This integral is unreduced: C4[1,0,1,1,1,0,0,0,0] # 29
This integral is unreduced: C4[1,1,1,1,1,0,0,0,0] # 31
This integral is unreduced: C4[1,1,1,1,1,1,0,0,0] # 63
This integral is unreduced: C5[1,0,1,1,1,0,0,0,0] # 29
This integral is unreduced: C5[1,0,1,1,1,1,0,0,0] # 61
This integral is unreduced: C5[1,0,1,1,1,2,0,0,0] # 61
This integral is unreduced: C5[1,0,1,1,2,1,0,0,0] # 61
This integral is unreduced: C5[1,0,1,2,1,1,0,0,0] # 61
This integral is unreduced: C5[1,1,0,1,1,1,0,0,0] # 59
This integral is unreduced: C5[1,1,0,1,1,2,0,0,0] # 59
This integral is unreduced: C5[1,1,0,1,2,1,0,0,0] # 59
This integral is unreduced: C5[1,1,1,1,1,0,0,0,0] # 31
This integral is unreduced: C5[1,1,1,1,2,0,0,0,0] # 31
This integral is unreduced: C5[1,1,1,1,1,1,0,0,0] # 63
This integral is unreduced: C5[1,1,1,1,1,2,0,0,0] # 63
This integral is unreduced: C5[1,2,1,1,1,1,0,0,0] # 63
This integral is unreduced: B10bis[0,0,0,1,1,1,0,0,0] # 56
This integral is unreduced: B10bis[0,0,1,1,1,0,0,0,0] # 28
This integral is unreduced: B10bis[0,0,1,1,1,1,0,0,0] # 60
This integral is unreduced: B10bis[0,1,0,0,1,0,0,0,0] # 18
This integral is unreduced: B10bis[0,1,0,0,1,1,0,0,0] # 50
This integral is unreduced: B10bis[0,1,0,0,1,2,0,0,0] # 50
This integral is unreduced: B10bis[0,1,0,0,2,1,0,0,0] # 50
This integral is unreduced: B10bis[0,1,1,0,0,1,0,0,0] # 38
This integral is unreduced: B10bis[0,0,1,1,2,0,0,0,0] # 28
This integral is unreduced: B10bis[0,1,0,1,1,0,0,0,0] # 26
This integral is unreduced: B10bis[0,1,0,1,1,1,0,0,0] # 58
This integral is unreduced: B10bis[0,1,1,1,0,1,0,0,0] # 46
This integral is unreduced: B10bis[0,1,1,1,1,1,0,0,0] # 62
This integral is unreduced: B10bis[1,1,0,0,1,1,0,0,0] # 51
This integral is unreduced: B10bis[1,1,0,1,1,0,0,0,0] # 27
This integral is unreduced: B10bis[1,1,0,1,1,1,0,0,0] # 59
This integral is unreduced: B10bis[1,1,0,1,1,2,0,0,0] # 59
This integral is unreduced: B10bis[1,1,0,1,2,0,0,0,0] # 27
This integral is unreduced: B10bis[1,1,0,1,2,1,0,0,0] # 59
This integral is unreduced: B10bis[1,1,0,2,1,0,0,0,0] # 27
This integral is unreduced: B10bis[1,1,0,2,1,1,0,0,0] # 59
This integral is unreduced: B12bis[0,1,1,0,1,1,0,0,0] # 54
This integral is unreduced: B12bis[0,1,1,1,1,1,0,0,0] # 62
This integral is unreduced: B12bis[1,1,1,0,1,1,0,0,0] # 55
This integral is unreduced: B12bis[1,1,1,1,0,1,0,0,0] # 47
This integral is unreduced: B12bis[1,1,1,1,1,1,0,0,0] # 63
This integral is unreduced: B11bis[0,1,1,1,0,1,0,0,0] # 46
This integral is unreduced: B11bis[0,1,1,1,1,1,0,0,0] # 62
This integral is unreduced: B11bis[1,0,1,0,1,1,0,0,0] # 53
This integral is unreduced: B11bis[1,1,1,0,0,1,0,0,0] # 39
This integral is unreduced: B11bis[1,1,1,0,1,1,0,0,0] # 55
This integral is unreduced: B11bis[1,1,1,1,0,1,0,0,0] # 47
This integral is unreduced: B11bis[1,1,1,1,1,1,0,0,0] # 63
This integral is unreduced: B11bis[0,1,1,1,0,1,0,0,0] # 46
This integral is unreduced: B11bis[0,1,1,1,1,1,0,0,0] # 62
This integral is unreduced: B11bis[1,0,1,0,1,1,0,0,0] # 53
This integral is unreduced: B11bis[1,1,1,0,0,1,0,0,0] # 39
This integral is unreduced: B11bis[1,1,1,0,1,1,0,0,0] # 55
This integral is unreduced: B11bis[1,1,1,1,0,1,0,0,0] # 47
This integral is unreduced: B11bis[1,1,1,1,1,1,0,0,0] # 63
This integral is unreduced: B8bis[1,0,1,1,1,0,0,0,0] # 29
This integral is unreduced: B8bis[1,0,1,1,2,0,0,0,0] # 29
This integral is unreduced: B8bis[1,1,1,0,0,1,0,0,0] # 39
This integral is unreduced: B8bis[1,1,0,1,0,0,0,0,0] # 11
This integral is unreduced: B8bis[1,1,0,1,1,0,0,0,0] # 27
This integral is unreduced: B8bis[1,1,0,1,2,0,0,0,0] # 27
This integral is unreduced: B8bis[1,1,0,2,1,0,0,0,0] # 27
This integral is unreduced: B8bis[1,1,1,1,1,0,0,0,0] # 31
This integral is unreduced: B8bis[1,1,1,1,2,0,0,0,0] # 31
This integral is unreduced: B8bis[1,1,1,2,1,0,0,0,0] # 31
This integral is unreduced: B8bis[1,1,1,1,0,1,0,0,0] # 47
This integral is unreduced: B8bis[1,1,1,1,1,1,0,0,0] # 63
This integral is unreduced: C5bis[1,0,1,1,1,0,0,0,0] # 29
This integral is unreduced: C5bis[1,0,1,1,1,1,0,0,0] # 61
This integral is unreduced: C5bis[1,0,1,1,1,2,0,0,0] # 61
This integral is unreduced: C5bis[1,0,1,1,2,1,0,0,0] # 61
This integral is unreduced: C5bis[1,0,1,2,1,1,0,0,0] # 61
This integral is unreduced: C5bis[1,1,0,1,0,1,0,0,0] # 43
This integral is unreduced: C5bis[1,1,0,1,0,2,0,0,0] # 43
This integral is unreduced: C5bis[1,1,0,1,1,1,0,0,0] # 59
This integral is unreduced: C5bis[1,1,0,1,1,2,0,0,0] # 59
This integral is unreduced: C5bis[1,1,0,1,2,1,0,0,0] # 59
This integral is unreduced: C5bis[1,1,1,1,0,1,0,0,0] # 47
This integral is unreduced: C5bis[1,1,1,1,0,2,0,0,0] # 47
This integral is unreduced: C5bis[1,1,1,2,0,1,0,0,0] # 47
This integral is unreduced: C5bis[1,1,1,1,1,0,0,0,0] # 31
This integral is unreduced: C5bis[1,1,1,1,2,0,0,0,0] # 31
This integral is unreduced: C5bis[1,1,1,1,1,1,0,0,0] # 63
This integral is unreduced: C5bis[1,1,1,1,1,2,0,0,0] # 63
This integral is unreduced: C5bis[1,2,1,1,1,1,0,0,0] # 63
unreduced integrals: 196.

closeCalc: 1980
Total time:
( 0.410329 s )
