The user defined environment variable FERMATPATH for Fermat is set:
/home/riccardo/Programs/Fermat/ferl6/fer64
One variable is set to 1: {}
The directories for the temporary files, result files and the sector mapping files are: 
./tmp
./results
./sectormappings
Kira prepares topology: A1 and top level sector: 
511 
Following reductions will be performed for the topology: A1
Sector: 511 rmax: 9 smax: 3 

***********************************************************
Find IBP LI and symmetry relations for the topology: A1
***********************************************************

*****Search trivial sectors********************************
read from: ./sectormappings/A1/nonTrivialSector

Non trivial sectors in total: 380
Trivial sectors in total: 132
( 0.007038 s )

Search symmetry relations: 
read from: ./sectormappings/A1/canonica
Number of symmetries read out: 380

( 0.000997 s )
***********************************************************
Prepare Symmetries for the topology: A1
***********************************************************
read from: ./sectormappings/A1/sectorRelations
Number of symmetries read out: 77
read from: ./sectormappings/A1/sectorSymmetries
Number of symmetries read out: 104

*****Integral ordering*************************************
Kira will use the integral ordering: 1.

***********************************************************
Kira starts the reduction of the topology: A1
***********************************************************

***** Select equations recursively ************************
Select integrals for: topology: A1
 sectors: 511 rmax: 9 smax: 3

length of mandatory list: 1616479
Algebraic reconstruction is switched off.
7807 independent coefficients
Number of master integrals: 470
A1[1,0,1,0,0,0,0,0,0]   #   5
A1[0,1,1,1,0,0,0,0,0]   #  14
A1[1,0,1,0,0,1,0,0,0]   #  37
A1[0,1,1,0,0,1,0,0,0]   #  38
A1[-1,1,1,0,0,1,0,0,0]  #  38
A1[0,0,1,0,1,1,0,0,0]   #  52
A1[-1,0,1,0,1,1,0,0,0]  #  52
A1[1,0,1,0,1,1,0,0,0]   #  53
A1[1,-1,1,0,1,1,0,0,0]  #  53
A1[1,0,1,-1,1,1,0,0,0]  #  53
A1[0,1,1,1,1,1,0,0,0]   #  62
A1[1,1,0,0,0,0,1,0,0]   #  67
A1[1,0,1,0,0,0,1,0,0]   #  69
A1[1,-2,1,0,0,0,1,0,0]  #  69
A1[0,0,1,1,0,0,1,0,0]   #  76
A1[-1,0,1,1,0,0,1,0,0]  #  76
A1[1,0,1,1,0,0,1,0,0]   #  77
A1[1,-1,1,1,0,0,1,0,0]  #  77
A1[0,1,1,1,0,0,1,0,0]   #  78
A1[-1,1,1,1,0,0,1,0,0]  #  78
A1[1,1,1,1,0,0,1,0,0]   #  79
A1[1,1,1,1,-1,0,1,0,0]  #  79
A1[1,0,0,0,1,0,1,0,0]   #  81
A1[1,0,1,0,1,0,1,0,0]   #  85
A1[1,-1,1,0,1,0,1,0,0]  #  85
A1[0,0,1,1,1,0,1,0,0]   #  92
A1[-1,0,1,1,1,0,1,0,0]  #  92
A1[1,0,1,1,1,0,1,0,0]   #  93
A1[1,-1,1,1,1,0,1,0,0]  #  93
A1[1,1,0,0,0,1,1,0,0]   #  99
A1[0,0,1,0,0,1,1,0,0]   # 100
A1[-1,0,1,0,0,1,1,0,0]  # 100
A1[1,0,1,0,0,1,1,0,0]   # 101
A1[1,-1,1,0,0,1,1,0,0]  # 101
A1[1,-2,1,0,0,1,1,0,0]  # 101
A1[0,1,1,0,0,1,1,0,0]   # 102
A1[-1,1,1,0,0,1,1,0,0]  # 102
A1[0,1,1,-1,0,1,1,0,0]  # 102
A1[1,1,1,0,0,1,1,0,0]   # 103
A1[1,1,1,-1,0,1,1,0,0]  # 103
A1[1,1,1,0,-1,1,1,0,0]  # 103
A1[1,0,1,1,0,1,1,0,0]   # 109
A1[1,-1,1,1,0,1,1,0,0]  # 109
A1[0,1,1,1,0,1,1,0,0]   # 110
A1[-1,1,1,1,0,1,1,0,0]  # 110
A1[0,1,1,1,-1,1,1,0,0]  # 110
A1[1,1,1,1,0,1,1,0,0]   # 111
A1[1,1,1,1,0,1,1,-1,0]  # 111
A1[1,0,0,0,1,1,1,0,0]   # 113
A1[0,0,1,0,1,1,1,0,0]   # 116
A1[-1,0,1,0,1,1,1,0,0]  # 116
A1[0,-1,1,0,1,1,1,0,0]  # 116
A1[1,0,1,0,1,1,1,0,0]   # 117
A1[1,-1,1,0,1,1,1,0,0]  # 117
A1[1,0,1,-1,1,1,1,0,0]  # 117
A1[1,0,1,0,1,1,1,-1,0]  # 117
A1[1,0,1,0,1,1,1,0,-1]  # 117
A1[1,-2,1,0,1,1,1,0,0]  # 117
A1[1,-1,1,-1,1,1,1,0,0] # 117
A1[1,-1,1,0,1,1,1,-1,0] # 117
A1[0,1,1,0,1,1,1,0,0]   # 118
A1[-1,1,1,0,1,1,1,0,0]  # 118
A1[1,1,1,0,1,1,1,0,0]   # 119
A1[1,1,1,-1,1,1,1,0,0]  # 119
A1[0,0,1,1,1,1,1,0,0]   # 124
A1[-1,0,1,1,1,1,1,0,0]  # 124
A1[0,-1,1,1,1,1,1,0,0]  # 124
A1[1,0,1,1,1,1,1,0,0]   # 125
A1[1,-1,1,1,1,1,1,0,0]  # 125
A1[1,0,1,1,1,1,1,-1,0]  # 125
A1[1,1,1,1,1,1,1,0,0]   # 127
A1[0,1,1,0,0,0,0,1,0]   # 134
A1[-1,1,1,0,0,0,0,1,0]  # 134
A1[0,0,1,1,0,0,0,1,0]   # 140
A1[1,0,1,1,0,0,0,1,0]   # 141
A1[0,1,1,1,0,0,0,1,0]   # 142
A1[-1,1,1,1,0,0,0,1,0]  # 142
A1[0,0,1,0,1,0,0,1,0]   # 148
A1[-1,0,1,0,1,0,0,1,0]  # 148
A1[1,0,1,0,1,0,0,1,0]   # 149
A1[1,-1,1,0,1,0,0,1,0]  # 149
A1[1,0,1,-1,1,0,0,1,0]  # 149
A1[0,0,1,1,1,0,0,1,0]   # 156
A1[-1,0,1,1,1,0,0,1,0]  # 156
A1[1,0,1,1,1,0,0,1,0]   # 157
A1[0,1,1,1,1,0,0,1,0]   # 158
A1[0,0,1,0,0,1,0,1,0]   # 164
A1[1,0,1,0,0,1,0,1,0]   # 165
A1[0,1,1,0,0,1,0,1,0]   # 166
A1[-1,1,1,0,0,1,0,1,0]  # 166
A1[0,1,1,0,-1,1,0,1,0]  # 166
A1[1,0,1,1,0,1,0,1,0]   # 173
A1[0,1,1,1,0,1,0,1,0]   # 174
A1[-1,1,1,1,0,1,0,1,0]  # 174
A1[0,0,1,0,1,1,0,1,0]   # 180
A1[-1,0,1,0,1,1,0,1,0]  # 180
A1[0,-1,1,0,1,1,0,1,0]  # 180
A1[1,0,1,0,1,1,0,1,0]   # 181
A1[1,-1,1,0,1,1,0,1,0]  # 181
A1[1,0,1,-1,1,1,0,1,0]  # 181
A1[0,1,1,0,1,1,0,1,0]   # 182
A1[-1,1,1,0,1,1,0,1,0]  # 182
A1[0,1,1,0,1,1,-1,1,0]  # 182
A1[0,0,1,1,1,1,0,1,0]   # 188
A1[-1,0,1,1,1,1,0,1,0]  # 188
A1[1,0,1,1,1,1,0,1,0]   # 189
A1[1,1,0,0,0,0,1,1,0]   # 195
A1[0,0,1,0,0,0,1,1,0]   # 196
A1[-1,0,1,0,0,0,1,1,0]  # 196
A1[1,0,1,0,0,0,1,1,0]   # 197
A1[1,-1,1,0,0,0,1,1,0]  # 197
A1[1,-2,1,0,0,0,1,1,0]  # 197
A1[0,1,1,0,0,0,1,1,0]   # 198
A1[-1,1,1,0,0,0,1,1,0]  # 198
A1[0,1,1,-1,0,0,1,1,0]  # 198
A1[1,1,1,0,0,0,1,1,0]   # 199
A1[1,1,1,-1,0,0,1,1,0]  # 199
A1[1,1,1,0,-1,0,1,1,0]  # 199
A1[0,1,0,1,0,0,1,1,0]   # 202
A1[1,1,0,1,0,0,1,1,0]   # 203
A1[0,0,1,1,0,0,1,1,0]   # 204
A1[-1,0,1,1,0,0,1,1,0]  # 204
A1[-2,0,1,1,0,0,1,1,0]  # 204
A1[1,0,1,1,0,0,1,1,0]   # 205
A1[1,-1,1,1,0,0,1,1,0]  # 205
A1[1,-2,1,1,0,0,1,1,0]  # 205
A1[0,1,1,1,0,0,1,1,0]   # 206
A1[-1,1,1,1,0,0,1,1,0]  # 206
A1[0,1,1,1,-1,0,1,1,0]  # 206
A1[0,1,1,1,0,-1,1,1,0]  # 206
A1[0,1,1,1,0,0,1,1,-1]  # 206
A1[-2,1,1,1,0,0,1,1,0]  # 206
A1[-1,1,1,1,-1,0,1,1,0] # 206
A1[-1,1,1,1,0,-1,1,1,0] # 206
A1[1,1,1,1,0,0,1,1,0]   # 207
A1[1,1,1,1,-1,0,1,1,0]  # 207
A1[1,1,1,1,0,-1,1,1,0]  # 207
A1[1,0,0,0,1,0,1,1,0]   # 209
A1[0,0,1,0,1,0,1,1,0]   # 212
A1[-1,0,1,0,1,0,1,1,0]  # 212
A1[0,-1,1,0,1,0,1,1,0]  # 212
A1[1,0,1,0,1,0,1,1,0]   # 213
A1[1,-1,1,0,1,0,1,1,0]  # 213
A1[1,0,1,-1,1,0,1,1,0]  # 213
A1[1,0,1,0,1,-1,1,1,0]  # 213
A1[1,0,1,0,1,0,1,1,-1]  # 213
A1[1,-2,1,0,1,0,1,1,0]  # 213
A1[1,-1,1,-1,1,0,1,1,0] # 213
A1[1,-1,1,0,1,-1,1,1,0] # 213
A1[0,1,1,0,1,0,1,1,0]   # 214
A1[-1,1,1,0,1,0,1,1,0]  # 214
A1[1,1,1,0,1,0,1,1,0]   # 215
A1[1,1,1,-1,1,0,1,1,0]  # 215
A1[0,0,0,1,1,0,1,1,0]   # 216
A1[1,0,0,1,1,0,1,1,0]   # 217
A1[0,0,1,1,1,0,1,1,0]   # 220
A1[-1,0,1,1,1,0,1,1,0]  # 220
A1[0,-1,1,1,1,0,1,1,0]  # 220
A1[0,0,1,1,1,-1,1,1,0]  # 220
A1[0,0,1,1,1,0,1,1,-1]  # 220
A1[-2,0,1,1,1,0,1,1,0]  # 220
A1[-1,-1,1,1,1,0,1,1,0] # 220
A1[-1,0,1,1,1,-1,1,1,0] # 220
A1[1,0,1,1,1,0,1,1,0]   # 221
A1[1,-1,1,1,1,0,1,1,0]  # 221
A1[1,0,1,1,1,-1,1,1,0]  # 221
A1[1,0,1,1,1,0,1,1,-1]  # 221
A1[0,1,1,1,1,0,1,1,0]   # 222
A1[-1,1,1,1,1,0,1,1,0]  # 222
A1[1,1,1,1,1,0,1,1,0]   # 223
A1[1,1,1,1,1,-1,1,1,0]  # 223
A1[0,1,0,0,0,1,1,1,0]   # 226
A1[1,1,0,0,0,1,1,1,0]   # 227
A1[0,0,1,0,0,1,1,1,0]   # 228
A1[-1,0,1,0,0,1,1,1,0]  # 228
A1[-2,0,1,0,0,1,1,1,0]  # 228
A1[1,0,1,0,0,1,1,1,0]   # 229
A1[0,1,1,0,0,1,1,1,0]   # 230
A1[-1,1,1,0,0,1,1,1,0]  # 230
A1[0,1,1,0,-1,1,1,1,0]  # 230
A1[-2,1,1,0,0,1,1,1,0]  # 230
A1[1,1,1,0,0,1,1,1,0]   # 231
A1[1,1,0,1,0,1,1,1,0]   # 235
A1[0,0,1,1,0,1,1,1,0]   # 236
A1[-1,0,1,1,0,1,1,1,0]  # 236
A1[1,0,1,1,0,1,1,1,0]   # 237
A1[0,1,1,1,0,1,1,1,0]   # 238
A1[-1,1,1,1,0,1,1,1,0]  # 238
A1[0,1,1,1,-1,1,1,1,0]  # 238
A1[1,1,1,1,0,1,1,1,0]   # 239
A1[0,0,0,0,1,1,1,1,0]   # 240
A1[1,0,0,0,1,1,1,1,0]   # 241
A1[0,0,1,0,1,1,1,1,0]   # 244
A1[-1,0,1,0,1,1,1,1,0]  # 244
A1[0,-1,1,0,1,1,1,1,0]  # 244
A1[0,0,1,-1,1,1,1,1,0]  # 244
A1[0,0,1,0,1,1,1,1,-1]  # 244
A1[-2,0,1,0,1,1,1,1,0]  # 244
A1[-1,-1,1,0,1,1,1,1,0] # 244
A1[-1,0,1,-1,1,1,1,1,0] # 244
A1[1,0,1,0,1,1,1,1,0]   # 245
A1[1,-1,1,0,1,1,1,1,0]  # 245
A1[1,0,1,-1,1,1,1,1,0]  # 245
A1[1,0,1,0,1,1,1,1,-1]  # 245
A1[1,-2,1,0,1,1,1,1,0]  # 245
A1[0,1,1,0,1,1,1,1,0]   # 246
A1[-1,1,1,0,1,1,1,1,0]  # 246
A1[0,1,1,-1,1,1,1,1,0]  # 246
A1[1,1,1,0,1,1,1,1,0]   # 247
A1[1,1,1,-1,1,1,1,1,0]  # 247
A1[1,1,1,0,1,1,1,1,-1]  # 247
A1[1,1,1,-2,1,1,1,1,0]  # 247
A1[1,0,0,1,1,1,1,1,0]   # 249
A1[0,0,1,1,1,1,1,1,0]   # 252
A1[-1,0,1,1,1,1,1,1,0]  # 252
A1[0,-1,1,1,1,1,1,1,0]  # 252
A1[0,0,1,1,1,1,1,1,-1]  # 252
A1[1,0,1,1,1,1,1,1,0]   # 253
A1[0,1,1,1,1,1,1,1,0]   # 254
A1[-1,1,1,1,1,1,1,1,0]  # 254
A1[-2,1,1,1,1,1,1,1,0]  # 254
A1[1,1,1,1,1,1,1,1,0]   # 255
A1[0,0,1,1,0,0,0,0,1]   # 268
A1[-1,0,1,1,0,0,0,0,1]  # 268
A1[1,0,1,1,0,0,0,0,1]   # 269
A1[1,-1,1,1,0,0,0,0,1]  # 269
A1[0,1,1,1,0,0,0,0,1]   # 270
A1[-1,1,1,1,0,0,0,0,1]  # 270
A1[1,1,1,1,0,0,0,0,1]   # 271
A1[1,1,1,1,-1,0,0,0,1]  # 271
A1[1,0,0,0,1,0,0,0,1]   # 273
A1[1,0,1,0,1,0,0,0,1]   # 277
A1[1,-1,1,0,1,0,0,0,1]  # 277
A1[0,0,1,1,1,0,0,0,1]   # 284
A1[-1,0,1,1,1,0,0,0,1]  # 284
A1[1,0,1,1,1,0,0,0,1]   # 285
A1[1,-1,1,1,1,0,0,0,1]  # 285
A1[0,0,1,0,0,1,0,0,1]   # 292
A1[-1,0,1,0,0,1,0,0,1]  # 292
A1[1,0,1,0,0,1,0,0,1]   # 293
A1[1,-1,1,0,0,1,0,0,1]  # 293
A1[1,-2,1,0,0,1,0,0,1]  # 293
A1[0,1,1,0,0,1,0,0,1]   # 294
A1[-1,1,1,0,0,1,0,0,1]  # 294
A1[0,1,1,-1,0,1,0,0,1]  # 294
A1[1,1,1,0,0,1,0,0,1]   # 295
A1[1,1,1,-1,0,1,0,0,1]  # 295
A1[1,1,1,0,-1,1,0,0,1]  # 295
A1[1,0,1,1,0,1,0,0,1]   # 301
A1[1,-1,1,1,0,1,0,0,1]  # 301
A1[0,1,1,1,0,1,0,0,1]   # 302
A1[-1,1,1,1,0,1,0,0,1]  # 302
A1[0,1,1,1,-1,1,0,0,1]  # 302
A1[1,1,1,1,0,1,0,0,1]   # 303
A1[1,1,1,1,0,1,0,-1,1]  # 303
A1[1,0,0,0,1,1,0,0,1]   # 305
A1[0,0,1,0,1,1,0,0,1]   # 308
A1[-1,0,1,0,1,1,0,0,1]  # 308
A1[0,-1,1,0,1,1,0,0,1]  # 308
A1[1,0,1,0,1,1,0,0,1]   # 309
A1[1,-1,1,0,1,1,0,0,1]  # 309
A1[1,0,1,-1,1,1,0,0,1]  # 309
A1[1,0,1,0,1,1,-1,0,1]  # 309
A1[1,0,1,0,1,1,0,-1,1]  # 309
A1[1,-2,1,0,1,1,0,0,1]  # 309
A1[1,-1,1,-1,1,1,0,0,1] # 309
A1[1,-1,1,0,1,1,-1,0,1] # 309
A1[0,1,1,0,1,1,0,0,1]   # 310
A1[-1,1,1,0,1,1,0,0,1]  # 310
A1[1,1,1,0,1,1,0,0,1]   # 311
A1[1,1,1,-1,1,1,0,0,1]  # 311
A1[0,0,1,1,1,1,0,0,1]   # 316
A1[-1,0,1,1,1,1,0,0,1]  # 316
A1[0,-1,1,1,1,1,0,0,1]  # 316
A1[1,0,1,1,1,1,0,0,1]   # 317
A1[1,-1,1,1,1,1,0,0,1]  # 317
A1[1,0,1,1,1,1,-1,0,1]  # 317
A1[1,1,1,1,1,1,0,0,1]   # 319
A1[1,0,0,0,0,0,1,0,1]   # 321
A1[1,1,0,0,0,0,1,0,1]   # 323
A1[1,0,1,0,0,0,1,0,1]   # 325
A1[1,-1,1,0,0,0,1,0,1]  # 325
A1[1,-2,1,0,0,0,1,0,1]  # 325
A1[0,0,1,1,0,0,1,0,1]   # 332
A1[-1,0,1,1,0,0,1,0,1]  # 332
A1[0,-1,1,1,0,0,1,0,1]  # 332
A1[1,0,1,1,0,0,1,0,1]   # 333
A1[1,-1,1,1,0,0,1,0,1]  # 333
A1[1,0,1,1,-1,0,1,0,1]  # 333
A1[1,0,1,1,0,-1,1,0,1]  # 333
A1[1,0,1,1,0,0,1,-1,1]  # 333
A1[1,-2,1,1,0,0,1,0,1]  # 333
A1[1,-1,1,1,-1,0,1,0,1] # 333
A1[0,1,1,1,0,0,1,0,1]   # 334
A1[-1,1,1,1,0,0,1,0,1]  # 334
A1[0,1,1,1,0,-1,1,0,1]  # 334
A1[1,1,1,1,0,0,1,0,1]   # 335
A1[1,1,1,1,-1,0,1,0,1]  # 335
A1[1,0,0,0,1,0,1,0,1]   # 337
A1[1,1,0,0,1,0,1,0,1]   # 339
A1[1,0,1,0,1,0,1,0,1]   # 341
A1[1,-1,1,0,1,0,1,0,1]  # 341
A1[1,-2,1,0,1,0,1,0,1]  # 341
A1[0,0,1,1,1,0,1,0,1]   # 348
A1[-1,0,1,1,1,0,1,0,1]  # 348
A1[0,0,1,1,1,-1,1,0,1]  # 348
A1[1,0,1,1,1,0,1,0,1]   # 349
A1[1,-1,1,1,1,0,1,0,1]  # 349
A1[1,0,1,1,1,-1,1,0,1]  # 349
A1[1,0,0,0,0,1,1,0,1]   # 353
A1[1,1,0,0,0,1,1,0,1]   # 355
A1[0,0,1,0,0,1,1,0,1]   # 356
A1[-1,0,1,0,0,1,1,0,1]  # 356
A1[0,-1,1,0,0,1,1,0,1]  # 356
A1[1,0,1,0,0,1,1,0,1]   # 357
A1[1,-1,1,0,0,1,1,0,1]  # 357
A1[1,0,1,-1,0,1,1,0,1]  # 357
A1[1,-2,1,0,0,1,1,0,1]  # 357
A1[0,0,1,1,0,1,1,0,1]   # 364
A1[-1,0,1,1,0,1,1,0,1]  # 364
A1[0,-1,1,1,0,1,1,0,1]  # 364
A1[1,0,1,1,0,1,1,0,1]   # 365
A1[1,-1,1,1,0,1,1,0,1]  # 365
A1[1,0,1,1,-1,1,1,0,1]  # 365
A1[0,1,1,1,0,1,1,0,1]   # 366
A1[1,1,1,1,0,1,1,0,1]   # 367
A1[1,1,1,1,-1,1,1,0,1]  # 367
A1[1,0,0,0,1,1,1,0,1]   # 369
A1[1,1,0,0,1,1,1,0,1]   # 371
A1[0,0,1,0,1,1,1,0,1]   # 372
A1[-1,0,1,0,1,1,1,0,1]  # 372
A1[0,-1,1,0,1,1,1,0,1]  # 372
A1[1,0,1,0,1,1,1,0,1]   # 373
A1[1,-1,1,0,1,1,1,0,1]  # 373
A1[1,0,1,0,1,1,1,-1,1]  # 373
A1[1,-2,1,0,1,1,1,0,1]  # 373
A1[0,0,1,1,1,1,1,0,1]   # 380
A1[1,0,1,1,1,1,1,0,1]   # 381
A1[1,-1,1,1,1,1,1,0,1]  # 381
A1[1,0,1,1,1,1,1,-1,1]  # 381
A1[1,1,1,0,0,0,0,1,1]   # 391
A1[0,1,1,1,0,0,0,1,1]   # 398
A1[-1,1,1,1,0,0,0,1,1]  # 398
A1[0,1,1,1,-1,0,0,1,1]  # 398
A1[1,1,1,1,0,0,0,1,1]   # 399
A1[1,0,0,0,1,0,0,1,1]   # 401
A1[1,0,1,0,1,0,0,1,1]   # 405
A1[1,-1,1,0,1,0,0,1,1]  # 405
A1[1,0,1,-1,1,0,0,1,1]  # 405
A1[0,0,0,1,1,0,0,1,1]   # 408
A1[1,0,0,1,1,0,0,1,1]   # 409
A1[0,0,1,1,1,0,0,1,1]   # 412
A1[-1,0,1,1,1,0,0,1,1]  # 412
A1[0,-1,1,1,1,0,0,1,1]  # 412
A1[1,0,1,1,1,0,0,1,1]   # 413
A1[1,1,1,1,1,0,0,1,1]   # 415
A1[0,1,1,0,0,1,0,1,1]   # 422
A1[-1,1,1,0,0,1,0,1,1]  # 422
A1[0,1,1,0,-1,1,0,1,1]  # 422
A1[1,1,1,0,0,1,0,1,1]   # 423
A1[0,1,1,1,0,1,0,1,1]   # 430
A1[0,1,1,1,-1,1,0,1,1]  # 430
A1[1,1,1,1,0,1,0,1,1]   # 431
A1[0,0,0,0,1,1,0,1,1]   # 432
A1[1,0,0,0,1,1,0,1,1]   # 433
A1[0,0,1,0,1,1,0,1,1]   # 436
A1[-1,0,1,0,1,1,0,1,1]  # 436
A1[0,-1,1,0,1,1,0,1,1]  # 436
A1[1,0,1,0,1,1,0,1,1]   # 437
A1[1,-1,1,0,1,1,0,1,1]  # 437
A1[1,0,1,-1,1,1,0,1,1]  # 437
A1[0,1,1,0,1,1,0,1,1]   # 438
A1[0,1,1,0,1,1,-1,1,1]  # 438
A1[1,1,1,0,1,1,0,1,1]   # 439
A1[1,1,1,-1,1,1,0,1,1]  # 439
A1[1,1,1,0,1,1,-1,1,1]  # 439
A1[1,1,1,-2,1,1,0,1,1]  # 439
A1[1,0,0,1,1,1,0,1,1]   # 441
A1[0,0,1,1,1,1,0,1,1]   # 444
A1[0,-1,1,1,1,1,0,1,1]  # 444
A1[1,0,1,1,1,1,0,1,1]   # 445
A1[0,1,1,1,1,1,0,1,1]   # 446
A1[-1,1,1,1,1,1,0,1,1]  # 446
A1[-2,1,1,1,1,1,0,1,1]  # 446
A1[1,1,1,1,1,1,0,1,1]   # 447
A1[1,0,0,0,0,0,1,1,1]   # 449
A1[1,1,0,0,0,0,1,1,1]   # 451
A1[1,0,1,0,0,0,1,1,1]   # 453
A1[1,-1,1,0,0,0,1,1,1]  # 453
A1[1,0,1,-1,0,0,1,1,1]  # 453
A1[1,1,1,0,0,0,1,1,1]   # 455
A1[0,0,0,1,0,0,1,1,1]   # 456
A1[1,0,0,1,0,0,1,1,1]   # 457
A1[0,1,0,1,0,0,1,1,1]   # 458
A1[1,1,0,1,0,0,1,1,1]   # 459
A1[0,0,1,1,0,0,1,1,1]   # 460
A1[-1,0,1,1,0,0,1,1,1]  # 460
A1[-1,-1,1,1,0,0,1,1,1] # 460
A1[1,0,1,1,0,0,1,1,1]   # 461
A1[1,-1,1,1,0,0,1,1,1]  # 461
A1[1,0,1,1,-1,0,1,1,1]  # 461
A1[0,1,1,1,0,0,1,1,1]   # 462
A1[-1,1,1,1,0,0,1,1,1]  # 462
A1[0,1,1,1,-1,0,1,1,1]  # 462
A1[1,1,1,1,0,0,1,1,1]   # 463
A1[1,1,1,1,-1,0,1,1,1]  # 463
A1[1,1,1,1,0,-1,1,1,1]  # 463
A1[1,1,1,1,-2,0,1,1,1]  # 463
A1[1,1,1,1,-1,-1,1,1,1] # 463
A1[1,0,0,0,1,0,1,1,1]   # 465
A1[1,1,0,0,1,0,1,1,1]   # 467
A1[1,0,1,0,1,0,1,1,1]   # 469
A1[1,-1,1,0,1,0,1,1,1]  # 469
A1[1,0,1,-1,1,0,1,1,1]  # 469
A1[1,1,1,0,1,0,1,1,1]   # 471
A1[0,0,0,1,1,0,1,1,1]   # 472
A1[1,0,0,1,1,0,1,1,1]   # 473
A1[0,1,0,1,1,0,1,1,1]   # 474
A1[1,1,0,1,1,0,1,1,1]   # 475
A1[0,0,1,1,1,0,1,1,1]   # 476
A1[-1,0,1,1,1,0,1,1,1]  # 476
A1[0,-1,1,1,1,0,1,1,1]  # 476
A1[1,0,1,1,1,0,1,1,1]   # 477
A1[1,-1,1,1,1,0,1,1,1]  # 477
A1[1,0,1,1,1,-1,1,1,1]  # 477
A1[1,-2,1,1,1,0,1,1,1]  # 477
A1[1,-1,1,1,1,-1,1,1,1] # 477
A1[0,1,1,1,1,0,1,1,1]   # 478
A1[0,0,0,0,0,1,1,1,1]   # 480
A1[1,0,0,0,0,1,1,1,1]   # 481
A1[0,1,0,0,0,1,1,1,1]   # 482
A1[1,1,0,0,0,1,1,1,1]   # 483
A1[0,0,1,0,0,1,1,1,1]   # 484
A1[-1,0,1,0,0,1,1,1,1]  # 484
A1[0,-1,1,0,0,1,1,1,1]  # 484
A1[1,0,1,0,0,1,1,1,1]   # 485
A1[0,1,1,0,0,1,1,1,1]   # 486
A1[1,1,1,0,0,1,1,1,1]   # 487
A1[1,0,0,1,0,1,1,1,1]   # 489
A1[1,1,0,1,0,1,1,1,1]   # 491
A1[0,0,1,1,0,1,1,1,1]   # 492
A1[0,-1,1,1,0,1,1,1,1]  # 492
A1[1,0,1,1,0,1,1,1,1]   # 493
A1[0,1,1,1,0,1,1,1,1]   # 494
A1[-1,1,1,1,0,1,1,1,1]  # 494
A1[0,1,1,1,-1,1,1,1,1]  # 494
A1[-2,1,1,1,0,1,1,1,1]  # 494
A1[1,1,1,1,0,1,1,1,1]   # 495
A1[0,0,0,0,1,1,1,1,1]   # 496
A1[1,0,0,0,1,1,1,1,1]   # 497
A1[0,1,0,0,1,1,1,1,1]   # 498
A1[1,1,0,0,1,1,1,1,1]   # 499
A1[0,0,1,0,1,1,1,1,1]   # 500
A1[-1,0,1,0,1,1,1,1,1]  # 500
A1[0,-1,1,0,1,1,1,1,1]  # 500
A1[1,0,1,0,1,1,1,1,1]   # 501
A1[1,-1,1,0,1,1,1,1,1]  # 501
A1[1,0,1,-1,1,1,1,1,1]  # 501
A1[1,-2,1,0,1,1,1,1,1]  # 501
A1[1,-1,1,-1,1,1,1,1,1] # 501
A1[0,1,1,0,1,1,1,1,1]   # 502
A1[1,1,1,0,1,1,1,1,1]   # 503
A1[1,0,0,1,1,1,1,1,1]   # 505
A1[1,1,0,1,1,1,1,1,1]   # 507
A1[0,0,1,1,1,1,1,1,1]   # 508
A1[-1,0,1,1,1,1,1,1,1]  # 508
A1[0,-1,1,1,1,1,1,1,1]  # 508
A1[-2,0,1,1,1,1,1,1,1]  # 508
A1[1,0,1,1,1,1,1,1,1]   # 509
A1[0,1,1,1,1,1,1,1,1]   # 510
Regenerate:

Number of selected equations to reduce: 1914013 equations
( 319.588 s )
closeCalc: 4963
Algebraic reconstruction is switched off.

***** Select equations recursively ************************
Select integrals for: topology: A1
 sectors: 511 rmax: 9 smax: 3

length of mandatory list: 1616479

***** Bring system in triangular form *********************

Iterate the system until it is in triangular form: 
iteration: 0; items left: 568651; 